[0.089s] DEBUG:colcon:Command line arguments: ['/usr/bin/colcon', 'build', '--packages-select', 'proj_pkg']
[0.089s] DEBUG:colcon:Parsed command line arguments: Namespace(log_base=None, log_level=None, verb_name='build', build_base='build', install_base='install', merge_install=False, symlink_install=False, test_result_base=None, continue_on_error=False, executor='parallel', parallel_workers=8, event_handlers=None, ignore_user_meta=False, metas=['./colcon.meta'], base_paths=['.'], packages_ignore=None, packages_ignore_regex=None, paths=None, packages_up_to=None, packages_up_to_regex=None, packages_above=None, packages_above_and_dependencies=None, packages_above_depth=None, packages_select_by_dep=None, packages_skip_by_dep=None, packages_skip_up_to=None, packages_select_build_failed=False, packages_skip_build_finished=False, packages_select_test_failures=False, packages_skip_test_passed=False, packages_select=['proj_pkg'], packages_skip=None, packages_select_regex=None, packages_skip_regex=None, packages_start=None, packages_end=None, allow_overriding=[], cmake_args=None, cmake_target=None, cmake_target_skip_unavailable=False, cmake_clean_cache=False, cmake_clean_first=False, cmake_force_configure=False, ament_cmake_args=None, catkin_cmake_args=None, catkin_skip_building_tests=False, verb_parser=<colcon_defaults.argument_parser.defaults.DefaultArgumentsDecorator object at 0x78a14cb1fb50>, verb_extension=<colcon_core.verb.build.BuildVerb object at 0x78a14cc6d090>, main=<bound method BuildVerb.main of <colcon_core.verb.build.BuildVerb object at 0x78a14cc6d090>>)
[0.222s] Level 1:colcon.colcon_core.package_discovery:discover_packages(colcon_meta) check parameters
[0.222s] Level 1:colcon.colcon_core.package_discovery:discover_packages(recursive) check parameters
[0.222s] Level 1:colcon.colcon_core.package_discovery:discover_packages(ignore) check parameters
[0.222s] Level 1:colcon.colcon_core.package_discovery:discover_packages(path) check parameters
[0.222s] Level 1:colcon.colcon_core.package_discovery:discover_packages(colcon_meta) discover
[0.222s] Level 1:colcon.colcon_core.package_discovery:discover_packages(recursive) discover
[0.222s] INFO:colcon.colcon_core.package_discovery:Crawling recursively for packages in '/home/snovyang/neuroaesthetics'
[0.223s] Level 1:colcon.colcon_core.package_identification:_identify(.) by extensions ['ignore', 'ignore_ament_install']
[0.223s] Level 1:colcon.colcon_core.package_identification:_identify(.) by extension 'ignore'
[0.223s] Level 1:colcon.colcon_core.package_identification:_identify(.) by extension 'ignore_ament_install'
[0.223s] Level 1:colcon.colcon_core.package_identification:_identify(.) by extensions ['colcon_pkg']
[0.223s] Level 1:colcon.colcon_core.package_identification:_identify(.) by extension 'colcon_pkg'
[0.223s] Level 1:colcon.colcon_core.package_identification:_identify(.) by extensions ['colcon_meta']
[0.223s] Level 1:colcon.colcon_core.package_identification:_identify(.) by extension 'colcon_meta'
[0.223s] Level 1:colcon.colcon_core.package_identification:_identify(.) by extensions ['ros']
[0.223s] Level 1:colcon.colcon_core.package_identification:_identify(.) by extension 'ros'
[0.249s] Level 1:colcon.colcon_core.package_identification:_identify(.) by extensions ['cmake', 'python']
[0.249s] Level 1:colcon.colcon_core.package_identification:_identify(.) by extension 'cmake'
[0.249s] Level 1:colcon.colcon_core.package_identification:_identify(.) by extension 'python'
[0.249s] Level 1:colcon.colcon_core.package_identification:_identify(.) by extensions ['python_setup_py']
[0.249s] Level 1:colcon.colcon_core.package_identification:_identify(.) by extension 'python_setup_py'
[0.249s] Level 1:colcon.colcon_core.package_identification:_identify(build) by extensions ['ignore', 'ignore_ament_install']
[0.249s] Level 1:colcon.colcon_core.package_identification:_identify(build) by extension 'ignore'
[0.249s] Level 1:colcon.colcon_core.package_identification:_identify(build) ignored
[0.250s] Level 1:colcon.colcon_core.package_identification:_identify(install) by extensions ['ignore', 'ignore_ament_install']
[0.250s] Level 1:colcon.colcon_core.package_identification:_identify(install) by extension 'ignore'
[0.250s] Level 1:colcon.colcon_core.package_identification:_identify(install) ignored
[0.250s] Level 1:colcon.colcon_core.package_identification:_identify(log) by extensions ['ignore', 'ignore_ament_install']
[0.250s] Level 1:colcon.colcon_core.package_identification:_identify(log) by extension 'ignore'
[0.250s] Level 1:colcon.colcon_core.package_identification:_identify(log) ignored
[0.250s] Level 1:colcon.colcon_core.package_identification:_identify(src) by extensions ['ignore', 'ignore_ament_install']
[0.250s] Level 1:colcon.colcon_core.package_identification:_identify(src) by extension 'ignore'
[0.250s] Level 1:colcon.colcon_core.package_identification:_identify(src) by extension 'ignore_ament_install'
[0.251s] Level 1:colcon.colcon_core.package_identification:_identify(src) by extensions ['colcon_pkg']
[0.251s] Level 1:colcon.colcon_core.package_identification:_identify(src) by extension 'colcon_pkg'
[0.251s] Level 1:colcon.colcon_core.package_identification:_identify(src) by extensions ['colcon_meta']
[0.251s] Level 1:colcon.colcon_core.package_identification:_identify(src) by extension 'colcon_meta'
[0.251s] Level 1:colcon.colcon_core.package_identification:_identify(src) by extensions ['ros']
[0.251s] Level 1:colcon.colcon_core.package_identification:_identify(src) by extension 'ros'
[0.251s] Level 1:colcon.colcon_core.package_identification:_identify(src) by extensions ['cmake', 'python']
[0.251s] Level 1:colcon.colcon_core.package_identification:_identify(src) by extension 'cmake'
[0.251s] Level 1:colcon.colcon_core.package_identification:_identify(src) by extension 'python'
[0.251s] Level 1:colcon.colcon_core.package_identification:_identify(src) by extensions ['python_setup_py']
[0.251s] Level 1:colcon.colcon_core.package_identification:_identify(src) by extension 'python_setup_py'
[0.251s] Level 1:colcon.colcon_core.package_identification:_identify(src/mocap_pkg) by extensions ['ignore', 'ignore_ament_install']
[0.251s] Level 1:colcon.colcon_core.package_identification:_identify(src/mocap_pkg) by extension 'ignore'
[0.251s] Level 1:colcon.colcon_core.package_identification:_identify(src/mocap_pkg) by extension 'ignore_ament_install'
[0.251s] Level 1:colcon.colcon_core.package_identification:_identify(src/mocap_pkg) by extensions ['colcon_pkg']
[0.251s] Level 1:colcon.colcon_core.package_identification:_identify(src/mocap_pkg) by extension 'colcon_pkg'
[0.251s] Level 1:colcon.colcon_core.package_identification:_identify(src/mocap_pkg) by extensions ['colcon_meta']
[0.251s] Level 1:colcon.colcon_core.package_identification:_identify(src/mocap_pkg) by extension 'colcon_meta'
[0.251s] Level 1:colcon.colcon_core.package_identification:_identify(src/mocap_pkg) by extensions ['ros']
[0.251s] Level 1:colcon.colcon_core.package_identification:_identify(src/mocap_pkg) by extension 'ros'
[0.251s] Level 1:colcon.colcon_core.package_identification:_identify(src/mocap_pkg) by extensions ['cmake', 'python']
[0.251s] Level 1:colcon.colcon_core.package_identification:_identify(src/mocap_pkg) by extension 'cmake'
[0.251s] Level 1:colcon.colcon_core.package_identification:_identify(src/mocap_pkg) by extension 'python'
[0.252s] Level 1:colcon.colcon_core.package_identification:_identify(src/mocap_pkg) by extensions ['python_setup_py']
[0.252s] Level 1:colcon.colcon_core.package_identification:_identify(src/mocap_pkg) by extension 'python_setup_py'
[0.252s] Level 1:colcon.colcon_core.package_identification:_identify(src/mocap_pkg/launch) by extensions ['ignore', 'ignore_ament_install']
[0.252s] Level 1:colcon.colcon_core.package_identification:_identify(src/mocap_pkg/launch) by extension 'ignore'
[0.252s] Level 1:colcon.colcon_core.package_identification:_identify(src/mocap_pkg/launch) by extension 'ignore_ament_install'
[0.252s] Level 1:colcon.colcon_core.package_identification:_identify(src/mocap_pkg/launch) by extensions ['colcon_pkg']
[0.252s] Level 1:colcon.colcon_core.package_identification:_identify(src/mocap_pkg/launch) by extension 'colcon_pkg'
[0.252s] Level 1:colcon.colcon_core.package_identification:_identify(src/mocap_pkg/launch) by extensions ['colcon_meta']
[0.252s] Level 1:colcon.colcon_core.package_identification:_identify(src/mocap_pkg/launch) by extension 'colcon_meta'
[0.252s] Level 1:colcon.colcon_core.package_identification:_identify(src/mocap_pkg/launch) by extensions ['ros']
[0.252s] Level 1:colcon.colcon_core.package_identification:_identify(src/mocap_pkg/launch) by extension 'ros'
[0.252s] Level 1:colcon.colcon_core.package_identification:_identify(src/mocap_pkg/launch) by extensions ['cmake', 'python']
[0.252s] Level 1:colcon.colcon_core.package_identification:_identify(src/mocap_pkg/launch) by extension 'cmake'
[0.252s] Level 1:colcon.colcon_core.package_identification:_identify(src/mocap_pkg/launch) by extension 'python'
[0.252s] Level 1:colcon.colcon_core.package_identification:_identify(src/mocap_pkg/launch) by extensions ['python_setup_py']
[0.252s] Level 1:colcon.colcon_core.package_identification:_identify(src/mocap_pkg/launch) by extension 'python_setup_py'
[0.252s] Level 1:colcon.colcon_core.package_identification:_identify(src/mocap_pkg/launch/__pycache__) by extensions ['ignore', 'ignore_ament_install']
[0.252s] Level 1:colcon.colcon_core.package_identification:_identify(src/mocap_pkg/launch/__pycache__) by extension 'ignore'
[0.252s] Level 1:colcon.colcon_core.package_identification:_identify(src/mocap_pkg/launch/__pycache__) by extension 'ignore_ament_install'
[0.252s] Level 1:colcon.colcon_core.package_identification:_identify(src/mocap_pkg/launch/__pycache__) by extensions ['colcon_pkg']
[0.252s] Level 1:colcon.colcon_core.package_identification:_identify(src/mocap_pkg/launch/__pycache__) by extension 'colcon_pkg'
[0.252s] Level 1:colcon.colcon_core.package_identification:_identify(src/mocap_pkg/launch/__pycache__) by extensions ['colcon_meta']
[0.252s] Level 1:colcon.colcon_core.package_identification:_identify(src/mocap_pkg/launch/__pycache__) by extension 'colcon_meta'
[0.253s] Level 1:colcon.colcon_core.package_identification:_identify(src/mocap_pkg/launch/__pycache__) by extensions ['ros']
[0.253s] Level 1:colcon.colcon_core.package_identification:_identify(src/mocap_pkg/launch/__pycache__) by extension 'ros'
[0.253s] Level 1:colcon.colcon_core.package_identification:_identify(src/mocap_pkg/launch/__pycache__) by extensions ['cmake', 'python']
[0.253s] Level 1:colcon.colcon_core.package_identification:_identify(src/mocap_pkg/launch/__pycache__) by extension 'cmake'
[0.253s] Level 1:colcon.colcon_core.package_identification:_identify(src/mocap_pkg/launch/__pycache__) by extension 'python'
[0.253s] Level 1:colcon.colcon_core.package_identification:_identify(src/mocap_pkg/launch/__pycache__) by extensions ['python_setup_py']
[0.253s] Level 1:colcon.colcon_core.package_identification:_identify(src/mocap_pkg/launch/__pycache__) by extension 'python_setup_py'
[0.253s] Level 1:colcon.colcon_core.package_identification:_identify(src/mocap_pkg/mocap_optitrack_client) by extensions ['ignore', 'ignore_ament_install']
[0.253s] Level 1:colcon.colcon_core.package_identification:_identify(src/mocap_pkg/mocap_optitrack_client) by extension 'ignore'
[0.253s] Level 1:colcon.colcon_core.package_identification:_identify(src/mocap_pkg/mocap_optitrack_client) by extension 'ignore_ament_install'
[0.253s] Level 1:colcon.colcon_core.package_identification:_identify(src/mocap_pkg/mocap_optitrack_client) by extensions ['colcon_pkg']
[0.253s] Level 1:colcon.colcon_core.package_identification:_identify(src/mocap_pkg/mocap_optitrack_client) by extension 'colcon_pkg'
[0.253s] Level 1:colcon.colcon_core.package_identification:_identify(src/mocap_pkg/mocap_optitrack_client) by extensions ['colcon_meta']
[0.253s] Level 1:colcon.colcon_core.package_identification:_identify(src/mocap_pkg/mocap_optitrack_client) by extension 'colcon_meta'
[0.253s] Level 1:colcon.colcon_core.package_identification:_identify(src/mocap_pkg/mocap_optitrack_client) by extensions ['ros']
[0.253s] Level 1:colcon.colcon_core.package_identification:_identify(src/mocap_pkg/mocap_optitrack_client) by extension 'ros'
[0.255s] DEBUG:colcon.colcon_core.package_identification:Package 'src/mocap_pkg/mocap_optitrack_client' with type 'ros.ament_cmake' and name 'mocap_optitrack_client'
[0.255s] Level 1:colcon.colcon_core.package_identification:_identify(src/mocap_pkg/mocap_optitrack_interfaces) by extensions ['ignore', 'ignore_ament_install']
[0.264s] Level 1:colcon.colcon_core.package_identification:_identify(src/mocap_pkg/mocap_optitrack_interfaces) by extension 'ignore'
[0.264s] Level 1:colcon.colcon_core.package_identification:_identify(src/mocap_pkg/mocap_optitrack_interfaces) by extension 'ignore_ament_install'
[0.264s] Level 1:colcon.colcon_core.package_identification:_identify(src/mocap_pkg/mocap_optitrack_interfaces) by extensions ['colcon_pkg']
[0.264s] Level 1:colcon.colcon_core.package_identification:_identify(src/mocap_pkg/mocap_optitrack_interfaces) by extension 'colcon_pkg'
[0.264s] Level 1:colcon.colcon_core.package_identification:_identify(src/mocap_pkg/mocap_optitrack_interfaces) by extensions ['colcon_meta']
[0.264s] Level 1:colcon.colcon_core.package_identification:_identify(src/mocap_pkg/mocap_optitrack_interfaces) by extension 'colcon_meta'
[0.264s] Level 1:colcon.colcon_core.package_identification:_identify(src/mocap_pkg/mocap_optitrack_interfaces) by extensions ['ros']
[0.264s] Level 1:colcon.colcon_core.package_identification:_identify(src/mocap_pkg/mocap_optitrack_interfaces) by extension 'ros'
[0.265s] DEBUG:colcon.colcon_core.package_identification:Package 'src/mocap_pkg/mocap_optitrack_interfaces' with type 'ros.ament_cmake' and name 'mocap_optitrack_interfaces'
[0.265s] Level 1:colcon.colcon_core.package_identification:_identify(src/proj_pkg) by extensions ['ignore', 'ignore_ament_install']
[0.265s] Level 1:colcon.colcon_core.package_identification:_identify(src/proj_pkg) by extension 'ignore'
[0.265s] Level 1:colcon.colcon_core.package_identification:_identify(src/proj_pkg) by extension 'ignore_ament_install'
[0.265s] Level 1:colcon.colcon_core.package_identification:_identify(src/proj_pkg) by extensions ['colcon_pkg']
[0.265s] Level 1:colcon.colcon_core.package_identification:_identify(src/proj_pkg) by extension 'colcon_pkg'
[0.266s] Level 1:colcon.colcon_core.package_identification:_identify(src/proj_pkg) by extensions ['colcon_meta']
[0.266s] Level 1:colcon.colcon_core.package_identification:_identify(src/proj_pkg) by extension 'colcon_meta'
[0.266s] Level 1:colcon.colcon_core.package_identification:_identify(src/proj_pkg) by extensions ['ros']
[0.266s] Level 1:colcon.colcon_core.package_identification:_identify(src/proj_pkg) by extension 'ros'
[0.266s] DEBUG:colcon.colcon_core.package_identification:Package 'src/proj_pkg' with type 'ros.ament_python' and name 'proj_pkg'
[0.267s] Level 1:colcon.colcon_core.package_identification:_identify(src/testHumanTrajectory) by extensions ['ignore', 'ignore_ament_install']
[0.267s] Level 1:colcon.colcon_core.package_identification:_identify(src/testHumanTrajectory) by extension 'ignore'
[0.267s] Level 1:colcon.colcon_core.package_identification:_identify(src/testHumanTrajectory) by extension 'ignore_ament_install'
[0.267s] Level 1:colcon.colcon_core.package_identification:_identify(src/testHumanTrajectory) by extensions ['colcon_pkg']
[0.267s] Level 1:colcon.colcon_core.package_identification:_identify(src/testHumanTrajectory) by extension 'colcon_pkg'
[0.267s] Level 1:colcon.colcon_core.package_identification:_identify(src/testHumanTrajectory) by extensions ['colcon_meta']
[0.267s] Level 1:colcon.colcon_core.package_identification:_identify(src/testHumanTrajectory) by extension 'colcon_meta'
[0.267s] Level 1:colcon.colcon_core.package_identification:_identify(src/testHumanTrajectory) by extensions ['ros']
[0.267s] Level 1:colcon.colcon_core.package_identification:_identify(src/testHumanTrajectory) by extension 'ros'
[0.267s] Level 1:colcon.colcon_core.package_identification:_identify(src/testHumanTrajectory) by extensions ['cmake', 'python']
[0.267s] Level 1:colcon.colcon_core.package_identification:_identify(src/testHumanTrajectory) by extension 'cmake'
[0.267s] Level 1:colcon.colcon_core.package_identification:_identify(src/testHumanTrajectory) by extension 'python'
[0.267s] Level 1:colcon.colcon_core.package_identification:_identify(src/testHumanTrajectory) by extensions ['python_setup_py']
[0.267s] Level 1:colcon.colcon_core.package_identification:_identify(src/testHumanTrajectory) by extension 'python_setup_py'
[0.267s] Level 1:colcon.colcon_core.package_discovery:discover_packages(recursive) using defaults
[0.267s] Level 1:colcon.colcon_core.package_discovery:discover_packages(ignore) discover
[0.267s] Level 1:colcon.colcon_core.package_discovery:discover_packages(ignore) using defaults
[0.267s] Level 1:colcon.colcon_core.package_discovery:discover_packages(path) discover
[0.267s] Level 1:colcon.colcon_core.package_discovery:discover_packages(path) using defaults
[0.284s] INFO:colcon.colcon_core.package_selection:Skipping not selected package 'mocap_optitrack_interfaces' in 'src/mocap_pkg/mocap_optitrack_interfaces'
[0.284s] INFO:colcon.colcon_core.package_selection:Skipping not selected package 'mocap_optitrack_client' in 'src/mocap_pkg/mocap_optitrack_client'
[0.284s] Level 1:colcon.colcon_core.package_discovery:discover_packages(prefix_path) check parameters
[0.284s] Level 1:colcon.colcon_core.package_discovery:discover_packages(prefix_path) discover
[0.286s] DEBUG:colcon.colcon_installed_package_information.package_discovery:Found 3 installed packages in /home/snovyang/neuroaesthetics/install
[0.286s] DEBUG:colcon.colcon_installed_package_information.package_discovery:Found 1 installed packages in /home/snovyang/ros2_ws/install
[0.287s] DEBUG:colcon.colcon_installed_package_information.package_discovery:Found 5 installed packages in /home/snovyang/ros2_aura_ws/install
[0.287s] DEBUG:colcon.colcon_installed_package_information.package_discovery:Found 202 installed packages in /opt/ros/humble
[0.288s] Level 1:colcon.colcon_core.package_discovery:discover_packages(prefix_path) using defaults
[0.310s] Level 5:colcon.colcon_core.verb:set package 'proj_pkg' build argument 'cmake_args' from command line to 'None'
[0.310s] Level 5:colcon.colcon_core.verb:set package 'proj_pkg' build argument 'cmake_target' from command line to 'None'
[0.310s] Level 5:colcon.colcon_core.verb:set package 'proj_pkg' build argument 'cmake_target_skip_unavailable' from command line to 'False'
[0.310s] Level 5:colcon.colcon_core.verb:set package 'proj_pkg' build argument 'cmake_clean_cache' from command line to 'False'
[0.311s] Level 5:colcon.colcon_core.verb:set package 'proj_pkg' build argument 'cmake_clean_first' from command line to 'False'
[0.311s] Level 5:colcon.colcon_core.verb:set package 'proj_pkg' build argument 'cmake_force_configure' from command line to 'False'
[0.311s] Level 5:colcon.colcon_core.verb:set package 'proj_pkg' build argument 'ament_cmake_args' from command line to 'None'
[0.311s] Level 5:colcon.colcon_core.verb:set package 'proj_pkg' build argument 'catkin_cmake_args' from command line to 'None'
[0.311s] Level 5:colcon.colcon_core.verb:set package 'proj_pkg' build argument 'catkin_skip_building_tests' from command line to 'False'
[0.311s] DEBUG:colcon.colcon_core.verb:Building package 'proj_pkg' with the following arguments: {'ament_cmake_args': None, 'build_base': '/home/snovyang/neuroaesthetics/build/proj_pkg', 'catkin_cmake_args': None, 'catkin_skip_building_tests': False, 'cmake_args': None, 'cmake_clean_cache': False, 'cmake_clean_first': False, 'cmake_force_configure': False, 'cmake_target': None, 'cmake_target_skip_unavailable': False, 'install_base': '/home/snovyang/neuroaesthetics/install/proj_pkg', 'merge_install': False, 'path': '/home/snovyang/neuroaesthetics/src/proj_pkg', 'symlink_install': False, 'test_result_base': None}
[0.311s] INFO:colcon.colcon_core.executor:Executing jobs using 'parallel' executor
[0.312s] DEBUG:colcon.colcon_parallel_executor.executor.parallel:run_until_complete
[0.312s] INFO:colcon.colcon_ros.task.ament_python.build:Building ROS package in '/home/snovyang/neuroaesthetics/src/proj_pkg' with build type 'ament_python'
[0.312s] Level 1:colcon.colcon_core.shell:create_environment_hook('proj_pkg', 'ament_prefix_path')
[0.314s] INFO:colcon.colcon_core.plugin_system:Skipping extension 'colcon_core.shell.bat': Not used on non-Windows systems
[0.314s] INFO:colcon.colcon_core.shell:Creating environment hook '/home/snovyang/neuroaesthetics/install/proj_pkg/share/proj_pkg/hook/ament_prefix_path.ps1'
[0.315s] INFO:colcon.colcon_core.shell:Creating environment descriptor '/home/snovyang/neuroaesthetics/install/proj_pkg/share/proj_pkg/hook/ament_prefix_path.dsv'
[0.315s] INFO:colcon.colcon_core.shell:Creating environment hook '/home/snovyang/neuroaesthetics/install/proj_pkg/share/proj_pkg/hook/ament_prefix_path.sh'
[0.316s] INFO:colcon.colcon_core.shell:Skip shell extension 'powershell' for command environment: Not usable outside of PowerShell
[0.316s] DEBUG:colcon.colcon_core.shell:Skip shell extension 'dsv' for command environment
[0.543s] INFO:colcon.colcon_core.task.python.build:Building Python package in '/home/snovyang/neuroaesthetics/src/proj_pkg'
[0.544s] INFO:colcon.colcon_core.shell:Skip shell extension 'powershell' for command environment: Not usable outside of PowerShell
[0.544s] DEBUG:colcon.colcon_core.shell:Skip shell extension 'dsv' for command environment
[0.904s] DEBUG:colcon.colcon_core.event_handler.log_command:Invoking command in '/home/snovyang/neuroaesthetics/src/proj_pkg': CMAKE_PREFIX_PATH=/home/snovyang/neuroaesthetics/install/mocap_optitrack_interfaces:/home/snovyang/neuroaesthetics/install/mocap_optitrack_client:/home/snovyang/ros2_aura_ws/install/turtlesim:/home/snovyang/ros2_aura_ws/install/my_package:/home/snovyang/ros2_aura_ws/install/emotibit_pubsub:/home/snovyang/ros2_aura_ws/install/cpp_pubsub:/home/snovyang/ros2_aura_ws/install/emotibit_msg LD_LIBRARY_PATH=/home/snovyang/neuroaesthetics/install/mocap_optitrack_interfaces/lib:/home/snovyang/neuroaesthetics/install/mocap_optitrack_client/lib:/home/snovyang/ros2_aura_ws/install/turtlesim/lib:/home/snovyang/ros2_aura_ws/install/emotibit_msg/lib:/opt/ros/humble/opt/rviz_ogre_vendor/lib:/opt/ros/humble/lib/x86_64-linux-gnu:/opt/ros/humble/lib PS1=\[\e]0;\u@\h: \w\a\]${debian_chroot:+($debian_chroot)}\[\033[01;32m\]\u@\h\[\033[00m\]:\[\033[01;34m\]\w\[\033[00m\]\$ PYTHONPATH=/home/snovyang/neuroaesthetics/build/proj_pkg/prefix_override:/usr/lib/python3/dist-packages/colcon_core/task/python/colcon_distutils_commands:/home/snovyang/neuroaesthetics/install/proj_pkg/lib/python3.10/site-packages:/home/snovyang/neuroaesthetics/install/mocap_optitrack_interfaces/lib/python3.10/site-packages:/home/snovyang/neuroaesthetics/install/proj_pkg/lib/python3.10/site-packages:/home/snovyang/ros2_aura_ws/install/turtlesim/local/lib/python3.10/dist-packages:/home/snovyang/ros2_aura_ws/install/emotibit_msg/local/lib/python3.10/dist-packages:/opt/ros/humble/lib/python3.10/site-packages:/opt/ros/humble/local/lib/python3.10/dist-packages VIRTUAL_ENV_PROMPT=(.venv) /usr/bin/python3 -W ignore:setup.py install is deprecated -W ignore:easy_install command is deprecated setup.py egg_info --egg-base ../../build/proj_pkg build --build-base /home/snovyang/neuroaesthetics/build/proj_pkg/build install --record /home/snovyang/neuroaesthetics/build/proj_pkg/install.log --single-version-externally-managed install_data
[1.161s] DEBUG:colcon.colcon_core.event_handler.log_command:Invoked command in '/home/snovyang/neuroaesthetics/src/proj_pkg' returned '0': CMAKE_PREFIX_PATH=/home/snovyang/neuroaesthetics/install/mocap_optitrack_interfaces:/home/snovyang/neuroaesthetics/install/mocap_optitrack_client:/home/snovyang/ros2_aura_ws/install/turtlesim:/home/snovyang/ros2_aura_ws/install/my_package:/home/snovyang/ros2_aura_ws/install/emotibit_pubsub:/home/snovyang/ros2_aura_ws/install/cpp_pubsub:/home/snovyang/ros2_aura_ws/install/emotibit_msg LD_LIBRARY_PATH=/home/snovyang/neuroaesthetics/install/mocap_optitrack_interfaces/lib:/home/snovyang/neuroaesthetics/install/mocap_optitrack_client/lib:/home/snovyang/ros2_aura_ws/install/turtlesim/lib:/home/snovyang/ros2_aura_ws/install/emotibit_msg/lib:/opt/ros/humble/opt/rviz_ogre_vendor/lib:/opt/ros/humble/lib/x86_64-linux-gnu:/opt/ros/humble/lib PS1=\[\e]0;\u@\h: \w\a\]${debian_chroot:+($debian_chroot)}\[\033[01;32m\]\u@\h\[\033[00m\]:\[\033[01;34m\]\w\[\033[00m\]\$ PYTHONPATH=/home/snovyang/neuroaesthetics/build/proj_pkg/prefix_override:/usr/lib/python3/dist-packages/colcon_core/task/python/colcon_distutils_commands:/home/snovyang/neuroaesthetics/install/proj_pkg/lib/python3.10/site-packages:/home/snovyang/neuroaesthetics/install/mocap_optitrack_interfaces/lib/python3.10/site-packages:/home/snovyang/neuroaesthetics/install/proj_pkg/lib/python3.10/site-packages:/home/snovyang/ros2_aura_ws/install/turtlesim/local/lib/python3.10/dist-packages:/home/snovyang/ros2_aura_ws/install/emotibit_msg/local/lib/python3.10/dist-packages:/opt/ros/humble/lib/python3.10/site-packages:/opt/ros/humble/local/lib/python3.10/dist-packages VIRTUAL_ENV_PROMPT=(.venv) /usr/bin/python3 -W ignore:setup.py install is deprecated -W ignore:easy_install command is deprecated setup.py egg_info --egg-base ../../build/proj_pkg build --build-base /home/snovyang/neuroaesthetics/build/proj_pkg/build install --record /home/snovyang/neuroaesthetics/build/proj_pkg/install.log --single-version-externally-managed install_data
[1.163s] Level 1:colcon.colcon_core.environment:checking '/home/snovyang/neuroaesthetics/install/proj_pkg' for CMake module files
[1.163s] Level 1:colcon.colcon_core.environment:checking '/home/snovyang/neuroaesthetics/install/proj_pkg' for CMake config files
[1.164s] Level 1:colcon.colcon_core.environment:checking '/home/snovyang/neuroaesthetics/install/proj_pkg/lib'
[1.164s] Level 1:colcon.colcon_core.environment:checking '/home/snovyang/neuroaesthetics/install/proj_pkg/bin'
[1.164s] Level 1:colcon.colcon_core.shell:create_environment_hook('proj_pkg', 'path')
[1.164s] INFO:colcon.colcon_core.shell:Creating environment hook '/home/snovyang/neuroaesthetics/install/proj_pkg/share/proj_pkg/hook/path.ps1'
[1.165s] INFO:colcon.colcon_core.shell:Creating environment descriptor '/home/snovyang/neuroaesthetics/install/proj_pkg/share/proj_pkg/hook/path.dsv'
[1.165s] INFO:colcon.colcon_core.shell:Creating environment hook '/home/snovyang/neuroaesthetics/install/proj_pkg/share/proj_pkg/hook/path.sh'
[1.165s] Level 1:colcon.colcon_core.environment:checking '/home/snovyang/neuroaesthetics/install/proj_pkg/lib/pkgconfig/proj_pkg.pc'
[1.166s] Level 1:colcon.colcon_core.environment:checking '/home/snovyang/neuroaesthetics/install/proj_pkg/lib/python3.10/site-packages'
[1.166s] Level 1:colcon.colcon_core.shell:create_environment_hook('proj_pkg', 'pythonpath')
[1.166s] INFO:colcon.colcon_core.shell:Creating environment hook '/home/snovyang/neuroaesthetics/install/proj_pkg/share/proj_pkg/hook/pythonpath.ps1'
[1.166s] INFO:colcon.colcon_core.shell:Creating environment descriptor '/home/snovyang/neuroaesthetics/install/proj_pkg/share/proj_pkg/hook/pythonpath.dsv'
[1.166s] INFO:colcon.colcon_core.shell:Creating environment hook '/home/snovyang/neuroaesthetics/install/proj_pkg/share/proj_pkg/hook/pythonpath.sh'
[1.167s] Level 1:colcon.colcon_core.environment:checking '/home/snovyang/neuroaesthetics/install/proj_pkg/bin'
[1.167s] Level 1:colcon.colcon_core.shell:create_environment_hook('proj_pkg', 'pythonscriptspath')
[1.167s] INFO:colcon.colcon_core.shell:Creating environment hook '/home/snovyang/neuroaesthetics/install/proj_pkg/share/proj_pkg/hook/pythonscriptspath.ps1'
[1.167s] INFO:colcon.colcon_core.shell:Creating environment descriptor '/home/snovyang/neuroaesthetics/install/proj_pkg/share/proj_pkg/hook/pythonscriptspath.dsv'
[1.168s] INFO:colcon.colcon_core.shell:Creating environment hook '/home/snovyang/neuroaesthetics/install/proj_pkg/share/proj_pkg/hook/pythonscriptspath.sh'
[1.168s] Level 1:colcon.colcon_core.environment:create_environment_scripts_only(proj_pkg)
[1.168s] INFO:colcon.colcon_core.shell:Creating package script '/home/snovyang/neuroaesthetics/install/proj_pkg/share/proj_pkg/package.ps1'
[1.169s] INFO:colcon.colcon_core.shell:Creating package descriptor '/home/snovyang/neuroaesthetics/install/proj_pkg/share/proj_pkg/package.dsv'
[1.170s] INFO:colcon.colcon_core.shell:Creating package script '/home/snovyang/neuroaesthetics/install/proj_pkg/share/proj_pkg/package.sh'
[1.170s] INFO:colcon.colcon_core.shell:Creating package script '/home/snovyang/neuroaesthetics/install/proj_pkg/share/proj_pkg/package.bash'
[1.171s] INFO:colcon.colcon_core.shell:Creating package script '/home/snovyang/neuroaesthetics/install/proj_pkg/share/proj_pkg/package.zsh'
[1.172s] Level 1:colcon.colcon_core.environment:create_file_with_runtime_dependencies(/home/snovyang/neuroaesthetics/install/proj_pkg/share/colcon-core/packages/proj_pkg)
[1.172s] DEBUG:colcon.colcon_parallel_executor.executor.parallel:closing loop
[1.172s] DEBUG:colcon.colcon_parallel_executor.executor.parallel:loop closed
[1.172s] DEBUG:colcon.colcon_parallel_executor.executor.parallel:run_until_complete finished with '0'
[1.173s] DEBUG:colcon.colcon_core.event_reactor:joining thread
[1.177s] INFO:colcon.colcon_core.plugin_system:Skipping extension 'colcon_notification.desktop_notification.terminal_notifier': Not used on non-Darwin systems
[1.177s] INFO:colcon.colcon_core.plugin_system:Skipping extension 'colcon_notification.desktop_notification.win32': Not used on non-Windows systems
[1.177s] INFO:colcon.colcon_notification.desktop_notification:Sending desktop notification using 'notify2'
[1.185s] DEBUG:colcon.colcon_core.event_reactor:joined thread
[1.185s] INFO:colcon.colcon_core.shell:Creating prefix script '/home/snovyang/neuroaesthetics/install/local_setup.ps1'
[1.186s] INFO:colcon.colcon_core.shell:Creating prefix util module '/home/snovyang/neuroaesthetics/install/_local_setup_util_ps1.py'
[1.188s] INFO:colcon.colcon_core.shell:Creating prefix chain script '/home/snovyang/neuroaesthetics/install/setup.ps1'
[1.189s] INFO:colcon.colcon_core.shell:Creating prefix script '/home/snovyang/neuroaesthetics/install/local_setup.sh'
[1.190s] INFO:colcon.colcon_core.shell:Creating prefix util module '/home/snovyang/neuroaesthetics/install/_local_setup_util_sh.py'
[1.191s] INFO:colcon.colcon_core.shell:Creating prefix chain script '/home/snovyang/neuroaesthetics/install/setup.sh'
[1.193s] INFO:colcon.colcon_core.shell:Creating prefix script '/home/snovyang/neuroaesthetics/install/local_setup.bash'
[1.194s] INFO:colcon.colcon_core.shell:Creating prefix chain script '/home/snovyang/neuroaesthetics/install/setup.bash'
[1.195s] INFO:colcon.colcon_core.shell:Creating prefix script '/home/snovyang/neuroaesthetics/install/local_setup.zsh'
[1.196s] INFO:colcon.colcon_core.shell:Creating prefix chain script '/home/snovyang/neuroaesthetics/install/setup.zsh'
