[0.596s] Invoking command in '/home/snovyang/neuroaesthetics/src/proj_pkg': AMENT_PREFIX_PATH=/home/snovyang/neuroaesthetics/install/mocap_optitrack_interfaces:${AMENT_PREFIX_PATH} CMAKE_PREFIX_PATH=/home/snovyang/neuroaesthetics/install/mocap_optitrack_interfaces:${CMAKE_PREFIX_PATH} LD_LIBRARY_PATH=/home/snovyang/neuroaesthetics/install/mocap_optitrack_interfaces/lib:${LD_LIBRARY_PATH} PS1=\[\e]0;\u@\h: \w\a\]${debian_chroot:+($debian_chroot)}\[\033[01;32m\]\u@\h\[\033[00m\]:\[\033[01;34m\]\w\[\033[00m\]\$ PYTHONPATH=/home/snovyang/neuroaesthetics/build/proj_pkg/prefix_override:/usr/lib/python3/dist-packages/colcon_core/task/python/colcon_distutils_commands:/home/snovyang/neuroaesthetics/install/proj_pkg/lib/python3.10/site-packages:/home/snovyang/neuroaesthetics/install/mocap_optitrack_interfaces/lib/python3.10/site-packages:${PYTHONPATH} VIRTUAL_ENV_PROMPT=(.venv) /usr/bin/python3 -W ignore:setup.py install is deprecated -W ignore:easy_install command is deprecated setup.py egg_info --egg-base ../../build/proj_pkg build --build-base /home/snovyang/neuroaesthetics/build/proj_pkg/build install --record /home/snovyang/neuroaesthetics/build/proj_pkg/install.log --single-version-externally-managed install_data
[0.797s] running egg_info
[0.798s] creating ../../build/proj_pkg/proj_pkg.egg-info
[0.798s] writing ../../build/proj_pkg/proj_pkg.egg-info/PKG-INFO
[0.798s] writing dependency_links to ../../build/proj_pkg/proj_pkg.egg-info/dependency_links.txt
[0.799s] writing entry points to ../../build/proj_pkg/proj_pkg.egg-info/entry_points.txt
[0.799s] writing requirements to ../../build/proj_pkg/proj_pkg.egg-info/requires.txt
[0.799s] writing top-level names to ../../build/proj_pkg/proj_pkg.egg-info/top_level.txt
[0.800s] writing manifest file '../../build/proj_pkg/proj_pkg.egg-info/SOURCES.txt'
[0.802s] reading manifest file '../../build/proj_pkg/proj_pkg.egg-info/SOURCES.txt'
[0.802s] writing manifest file '../../build/proj_pkg/proj_pkg.egg-info/SOURCES.txt'
[0.802s] running build
[0.802s] running build_py
[0.802s] creating /home/snovyang/neuroaesthetics/build/proj_pkg/build
[0.803s] creating /home/snovyang/neuroaesthetics/build/proj_pkg/build/lib
[0.803s] creating /home/snovyang/neuroaesthetics/build/proj_pkg/build/lib/proj_pkg
[0.803s] copying proj_pkg/visualizer.py -> /home/snovyang/neuroaesthetics/build/proj_pkg/build/lib/proj_pkg
[0.803s] copying proj_pkg/__init__.py -> /home/snovyang/neuroaesthetics/build/proj_pkg/build/lib/proj_pkg
[0.803s] running install
[0.803s] running install_lib
[0.804s] creating /home/snovyang/neuroaesthetics/install/proj_pkg/lib/python3.10/site-packages/proj_pkg
[0.804s] copying /home/snovyang/neuroaesthetics/build/proj_pkg/build/lib/proj_pkg/visualizer.py -> /home/snovyang/neuroaesthetics/install/proj_pkg/lib/python3.10/site-packages/proj_pkg
[0.805s] copying /home/snovyang/neuroaesthetics/build/proj_pkg/build/lib/proj_pkg/__init__.py -> /home/snovyang/neuroaesthetics/install/proj_pkg/lib/python3.10/site-packages/proj_pkg
[0.805s] byte-compiling /home/snovyang/neuroaesthetics/install/proj_pkg/lib/python3.10/site-packages/proj_pkg/visualizer.py to visualizer.cpython-310.pyc
[0.806s] byte-compiling /home/snovyang/neuroaesthetics/install/proj_pkg/lib/python3.10/site-packages/proj_pkg/__init__.py to __init__.cpython-310.pyc
[0.806s] running install_data
[0.806s] creating /home/snovyang/neuroaesthetics/install/proj_pkg/share/ament_index
[0.806s] creating /home/snovyang/neuroaesthetics/install/proj_pkg/share/ament_index/resource_index
[0.807s] creating /home/snovyang/neuroaesthetics/install/proj_pkg/share/ament_index/resource_index/packages
[0.807s] copying resource/proj_pkg -> /home/snovyang/neuroaesthetics/install/proj_pkg/share/ament_index/resource_index/packages
[0.807s] copying package.xml -> /home/snovyang/neuroaesthetics/install/proj_pkg/share/proj_pkg
[0.807s] running install_egg_info
[0.809s] Copying ../../build/proj_pkg/proj_pkg.egg-info to /home/snovyang/neuroaesthetics/install/proj_pkg/lib/python3.10/site-packages/proj_pkg-0.0.0-py3.10.egg-info
[0.809s] running install_scripts
[0.828s] Installing mocap_visualizer script to /home/snovyang/neuroaesthetics/install/proj_pkg/bin
[0.829s] writing list of installed files to '/home/snovyang/neuroaesthetics/build/proj_pkg/install.log'
[0.854s] Invoked command in '/home/snovyang/neuroaesthetics/src/proj_pkg' returned '0': AMENT_PREFIX_PATH=/home/snovyang/neuroaesthetics/install/mocap_optitrack_interfaces:${AMENT_PREFIX_PATH} CMAKE_PREFIX_PATH=/home/snovyang/neuroaesthetics/install/mocap_optitrack_interfaces:${CMAKE_PREFIX_PATH} LD_LIBRARY_PATH=/home/snovyang/neuroaesthetics/install/mocap_optitrack_interfaces/lib:${LD_LIBRARY_PATH} PS1=\[\e]0;\u@\h: \w\a\]${debian_chroot:+($debian_chroot)}\[\033[01;32m\]\u@\h\[\033[00m\]:\[\033[01;34m\]\w\[\033[00m\]\$ PYTHONPATH=/home/snovyang/neuroaesthetics/build/proj_pkg/prefix_override:/usr/lib/python3/dist-packages/colcon_core/task/python/colcon_distutils_commands:/home/snovyang/neuroaesthetics/install/proj_pkg/lib/python3.10/site-packages:/home/snovyang/neuroaesthetics/install/mocap_optitrack_interfaces/lib/python3.10/site-packages:${PYTHONPATH} VIRTUAL_ENV_PROMPT=(.venv) /usr/bin/python3 -W ignore:setup.py install is deprecated -W ignore:easy_install command is deprecated setup.py egg_info --egg-base ../../build/proj_pkg build --build-base /home/snovyang/neuroaesthetics/build/proj_pkg/build install --record /home/snovyang/neuroaesthetics/build/proj_pkg/install.log --single-version-externally-managed install_data
