[0.013s] Invoking command in '/home/snovyang/neuroaesthetics/build/mocap_optitrack_interfaces': CMAKE_PREFIX_PATH=${CMAKE_PREFIX_PATH}:/opt/ros/humble VIRTUAL_ENV_PROMPT=(.venv) /home/snovyang/.local/bin/cmake --build /home/snovyang/neuroaesthetics/build/mocap_optitrack_interfaces -- -j8 -l8
[0.216s] [  2%] Built target mocap_optitrack_interfaces__cpp
[0.220s] [  2%] Built target ament_cmake_python_copy_mocap_optitrack_interfaces
[0.236s] [ 12%] Built target mocap_optitrack_interfaces__rosidl_generator_c
[0.247s] [ 25%] Built target mocap_optitrack_interfaces__rosidl_typesupport_cpp
[0.247s] [ 33%] Built target mocap_optitrack_interfaces__rosidl_typesupport_fastrtps_cpp
[0.248s] [ 43%] Built target mocap_optitrack_interfaces__rosidl_typesupport_introspection_cpp
[0.253s] [ 64%] Built target mocap_optitrack_interfaces__rosidl_typesupport_fastrtps_c
[0.253s] [ 64%] Built target mocap_optitrack_interfaces__rosidl_typesupport_introspection_c
[0.253s] [ 74%] Built target mocap_optitrack_interfaces__rosidl_typesupport_c
[0.263s] [ 74%] Built target mocap_optitrack_interfaces
[0.275s] [ 76%] Built target mocap_optitrack_interfaces__py
[0.292s] [ 84%] Built target mocap_optitrack_interfaces__rosidl_generator_py
[0.305s] [100%] Built target mocap_optitrack_interfaces__rosidl_typesupport_c__pyext
[0.305s] [100%] Built target mocap_optitrack_interfaces__rosidl_typesupport_introspection_c__pyext
[0.305s] [100%] Built target mocap_optitrack_interfaces__rosidl_typesupport_fastrtps_c__pyext
[0.414s] running egg_info
[0.415s] writing mocap_optitrack_interfaces.egg-info/PKG-INFO
[0.415s] writing dependency_links to mocap_optitrack_interfaces.egg-info/dependency_links.txt
[0.416s] writing top-level names to mocap_optitrack_interfaces.egg-info/top_level.txt
[0.419s] reading manifest file 'mocap_optitrack_interfaces.egg-info/SOURCES.txt'
[0.419s] writing manifest file 'mocap_optitrack_interfaces.egg-info/SOURCES.txt'
[0.442s] [100%] Built target ament_cmake_python_build_mocap_optitrack_interfaces_egg
[0.446s] Invoked command in '/home/snovyang/neuroaesthetics/build/mocap_optitrack_interfaces' returned '0': CMAKE_PREFIX_PATH=${CMAKE_PREFIX_PATH}:/opt/ros/humble VIRTUAL_ENV_PROMPT=(.venv) /home/snovyang/.local/bin/cmake --build /home/snovyang/neuroaesthetics/build/mocap_optitrack_interfaces -- -j8 -l8
[0.529s] Invoking command in '/home/snovyang/neuroaesthetics/build/mocap_optitrack_interfaces': CMAKE_PREFIX_PATH=${CMAKE_PREFIX_PATH}:/opt/ros/humble VIRTUAL_ENV_PROMPT=(.venv) /home/snovyang/.local/bin/cmake --install /home/snovyang/neuroaesthetics/build/mocap_optitrack_interfaces
[0.609s] -- Install configuration: ""
[0.609s] -- Up-to-date: /home/snovyang/neuroaesthetics/install/mocap_optitrack_interfaces/share/ament_index/resource_index/rosidl_interfaces/mocap_optitrack_interfaces
[0.609s] -- Up-to-date: /home/snovyang/neuroaesthetics/install/mocap_optitrack_interfaces/include/mocap_optitrack_interfaces/mocap_optitrack_interfaces
[0.610s] -- Up-to-date: /home/snovyang/neuroaesthetics/install/mocap_optitrack_interfaces/include/mocap_optitrack_interfaces/mocap_optitrack_interfaces/msg
[0.610s] -- Up-to-date: /home/snovyang/neuroaesthetics/install/mocap_optitrack_interfaces/include/mocap_optitrack_interfaces/mocap_optitrack_interfaces/msg/rigid_body.h
[0.610s] -- Up-to-date: /home/snovyang/neuroaesthetics/install/mocap_optitrack_interfaces/include/mocap_optitrack_interfaces/mocap_optitrack_interfaces/msg/rigid_body_array.h
[0.610s] -- Up-to-date: /home/snovyang/neuroaesthetics/install/mocap_optitrack_interfaces/include/mocap_optitrack_interfaces/mocap_optitrack_interfaces/msg/rosidl_generator_c__visibility_control.h
[0.610s] -- Up-to-date: /home/snovyang/neuroaesthetics/install/mocap_optitrack_interfaces/include/mocap_optitrack_interfaces/mocap_optitrack_interfaces/msg/detail
[0.610s] -- Up-to-date: /home/snovyang/neuroaesthetics/install/mocap_optitrack_interfaces/include/mocap_optitrack_interfaces/mocap_optitrack_interfaces/msg/detail/rigid_body_array__struct.h
[0.610s] -- Up-to-date: /home/snovyang/neuroaesthetics/install/mocap_optitrack_interfaces/include/mocap_optitrack_interfaces/mocap_optitrack_interfaces/msg/detail/rigid_body_array__functions.c
[0.610s] -- Up-to-date: /home/snovyang/neuroaesthetics/install/mocap_optitrack_interfaces/include/mocap_optitrack_interfaces/mocap_optitrack_interfaces/msg/detail/rigid_body__type_support.h
[0.610s] -- Up-to-date: /home/snovyang/neuroaesthetics/install/mocap_optitrack_interfaces/include/mocap_optitrack_interfaces/mocap_optitrack_interfaces/msg/detail/rigid_body__functions.c
[0.610s] -- Up-to-date: /home/snovyang/neuroaesthetics/install/mocap_optitrack_interfaces/include/mocap_optitrack_interfaces/mocap_optitrack_interfaces/msg/detail/rigid_body__functions.h
[0.610s] -- Up-to-date: /home/snovyang/neuroaesthetics/install/mocap_optitrack_interfaces/include/mocap_optitrack_interfaces/mocap_optitrack_interfaces/msg/detail/rigid_body__struct.h
[0.610s] -- Up-to-date: /home/snovyang/neuroaesthetics/install/mocap_optitrack_interfaces/include/mocap_optitrack_interfaces/mocap_optitrack_interfaces/msg/detail/rigid_body_array__functions.h
[0.610s] -- Up-to-date: /home/snovyang/neuroaesthetics/install/mocap_optitrack_interfaces/include/mocap_optitrack_interfaces/mocap_optitrack_interfaces/msg/detail/rigid_body_array__type_support.h
[0.610s] -- Up-to-date: /home/snovyang/neuroaesthetics/install/mocap_optitrack_interfaces/share/mocap_optitrack_interfaces/environment/library_path.sh
[0.610s] -- Up-to-date: /home/snovyang/neuroaesthetics/install/mocap_optitrack_interfaces/share/mocap_optitrack_interfaces/environment/library_path.dsv
[0.610s] -- Up-to-date: /home/snovyang/neuroaesthetics/install/mocap_optitrack_interfaces/lib/libmocap_optitrack_interfaces__rosidl_generator_c.so
[0.610s] -- Up-to-date: /home/snovyang/neuroaesthetics/install/mocap_optitrack_interfaces/include/mocap_optitrack_interfaces/mocap_optitrack_interfaces
[0.611s] -- Up-to-date: /home/snovyang/neuroaesthetics/install/mocap_optitrack_interfaces/include/mocap_optitrack_interfaces/mocap_optitrack_interfaces/msg
[0.611s] -- Up-to-date: /home/snovyang/neuroaesthetics/install/mocap_optitrack_interfaces/include/mocap_optitrack_interfaces/mocap_optitrack_interfaces/msg/rosidl_typesupport_fastrtps_c__visibility_control.h
[0.611s] -- Up-to-date: /home/snovyang/neuroaesthetics/install/mocap_optitrack_interfaces/include/mocap_optitrack_interfaces/mocap_optitrack_interfaces/msg/detail
[0.611s] -- Up-to-date: /home/snovyang/neuroaesthetics/install/mocap_optitrack_interfaces/include/mocap_optitrack_interfaces/mocap_optitrack_interfaces/msg/detail/rigid_body_array__rosidl_typesupport_fastrtps_c.h
[0.611s] -- Up-to-date: /home/snovyang/neuroaesthetics/install/mocap_optitrack_interfaces/include/mocap_optitrack_interfaces/mocap_optitrack_interfaces/msg/detail/rigid_body__rosidl_typesupport_fastrtps_c.h
[0.611s] -- Up-to-date: /home/snovyang/neuroaesthetics/install/mocap_optitrack_interfaces/lib/libmocap_optitrack_interfaces__rosidl_typesupport_fastrtps_c.so
[0.611s] -- Up-to-date: /home/snovyang/neuroaesthetics/install/mocap_optitrack_interfaces/include/mocap_optitrack_interfaces/mocap_optitrack_interfaces
[0.611s] -- Up-to-date: /home/snovyang/neuroaesthetics/install/mocap_optitrack_interfaces/include/mocap_optitrack_interfaces/mocap_optitrack_interfaces/msg
[0.611s] -- Up-to-date: /home/snovyang/neuroaesthetics/install/mocap_optitrack_interfaces/include/mocap_optitrack_interfaces/mocap_optitrack_interfaces/msg/rosidl_typesupport_introspection_c__visibility_control.h
[0.611s] -- Up-to-date: /home/snovyang/neuroaesthetics/install/mocap_optitrack_interfaces/include/mocap_optitrack_interfaces/mocap_optitrack_interfaces/msg/detail
[0.611s] -- Up-to-date: /home/snovyang/neuroaesthetics/install/mocap_optitrack_interfaces/include/mocap_optitrack_interfaces/mocap_optitrack_interfaces/msg/detail/rigid_body__type_support.c
[0.612s] -- Up-to-date: /home/snovyang/neuroaesthetics/install/mocap_optitrack_interfaces/include/mocap_optitrack_interfaces/mocap_optitrack_interfaces/msg/detail/rigid_body__rosidl_typesupport_introspection_c.h
[0.612s] -- Up-to-date: /home/snovyang/neuroaesthetics/install/mocap_optitrack_interfaces/include/mocap_optitrack_interfaces/mocap_optitrack_interfaces/msg/detail/rigid_body_array__type_support.c
[0.612s] -- Up-to-date: /home/snovyang/neuroaesthetics/install/mocap_optitrack_interfaces/include/mocap_optitrack_interfaces/mocap_optitrack_interfaces/msg/detail/rigid_body_array__rosidl_typesupport_introspection_c.h
[0.612s] -- Up-to-date: /home/snovyang/neuroaesthetics/install/mocap_optitrack_interfaces/lib/libmocap_optitrack_interfaces__rosidl_typesupport_introspection_c.so
[0.612s] -- Up-to-date: /home/snovyang/neuroaesthetics/install/mocap_optitrack_interfaces/lib/libmocap_optitrack_interfaces__rosidl_typesupport_c.so
[0.612s] -- Up-to-date: /home/snovyang/neuroaesthetics/install/mocap_optitrack_interfaces/include/mocap_optitrack_interfaces/mocap_optitrack_interfaces
[0.612s] -- Up-to-date: /home/snovyang/neuroaesthetics/install/mocap_optitrack_interfaces/include/mocap_optitrack_interfaces/mocap_optitrack_interfaces/msg
[0.612s] -- Up-to-date: /home/snovyang/neuroaesthetics/install/mocap_optitrack_interfaces/include/mocap_optitrack_interfaces/mocap_optitrack_interfaces/msg/rosidl_generator_cpp__visibility_control.hpp
[0.613s] -- Up-to-date: /home/snovyang/neuroaesthetics/install/mocap_optitrack_interfaces/include/mocap_optitrack_interfaces/mocap_optitrack_interfaces/msg/rigid_body.hpp
[0.613s] -- Up-to-date: /home/snovyang/neuroaesthetics/install/mocap_optitrack_interfaces/include/mocap_optitrack_interfaces/mocap_optitrack_interfaces/msg/detail
[0.613s] -- Up-to-date: /home/snovyang/neuroaesthetics/install/mocap_optitrack_interfaces/include/mocap_optitrack_interfaces/mocap_optitrack_interfaces/msg/detail/rigid_body_array__type_support.hpp
[0.613s] -- Up-to-date: /home/snovyang/neuroaesthetics/install/mocap_optitrack_interfaces/include/mocap_optitrack_interfaces/mocap_optitrack_interfaces/msg/detail/rigid_body_array__struct.hpp
[0.613s] -- Up-to-date: /home/snovyang/neuroaesthetics/install/mocap_optitrack_interfaces/include/mocap_optitrack_interfaces/mocap_optitrack_interfaces/msg/detail/rigid_body_array__builder.hpp
[0.613s] -- Up-to-date: /home/snovyang/neuroaesthetics/install/mocap_optitrack_interfaces/include/mocap_optitrack_interfaces/mocap_optitrack_interfaces/msg/detail/rigid_body__type_support.hpp
[0.613s] -- Up-to-date: /home/snovyang/neuroaesthetics/install/mocap_optitrack_interfaces/include/mocap_optitrack_interfaces/mocap_optitrack_interfaces/msg/detail/rigid_body_array__traits.hpp
[0.613s] -- Up-to-date: /home/snovyang/neuroaesthetics/install/mocap_optitrack_interfaces/include/mocap_optitrack_interfaces/mocap_optitrack_interfaces/msg/detail/rigid_body__traits.hpp
[0.613s] -- Up-to-date: /home/snovyang/neuroaesthetics/install/mocap_optitrack_interfaces/include/mocap_optitrack_interfaces/mocap_optitrack_interfaces/msg/detail/rigid_body__struct.hpp
[0.614s] -- Up-to-date: /home/snovyang/neuroaesthetics/install/mocap_optitrack_interfaces/include/mocap_optitrack_interfaces/mocap_optitrack_interfaces/msg/detail/rigid_body__builder.hpp
[0.614s] -- Up-to-date: /home/snovyang/neuroaesthetics/install/mocap_optitrack_interfaces/include/mocap_optitrack_interfaces/mocap_optitrack_interfaces/msg/rigid_body_array.hpp
[0.614s] -- Up-to-date: /home/snovyang/neuroaesthetics/install/mocap_optitrack_interfaces/include/mocap_optitrack_interfaces/mocap_optitrack_interfaces
[0.614s] -- Up-to-date: /home/snovyang/neuroaesthetics/install/mocap_optitrack_interfaces/include/mocap_optitrack_interfaces/mocap_optitrack_interfaces/msg
[0.614s] -- Up-to-date: /home/snovyang/neuroaesthetics/install/mocap_optitrack_interfaces/include/mocap_optitrack_interfaces/mocap_optitrack_interfaces/msg/rosidl_typesupport_fastrtps_cpp__visibility_control.h
[0.614s] -- Up-to-date: /home/snovyang/neuroaesthetics/install/mocap_optitrack_interfaces/include/mocap_optitrack_interfaces/mocap_optitrack_interfaces/msg/detail
[0.614s] -- Up-to-date: /home/snovyang/neuroaesthetics/install/mocap_optitrack_interfaces/include/mocap_optitrack_interfaces/mocap_optitrack_interfaces/msg/detail/rigid_body__rosidl_typesupport_fastrtps_cpp.hpp
[0.614s] -- Up-to-date: /home/snovyang/neuroaesthetics/install/mocap_optitrack_interfaces/include/mocap_optitrack_interfaces/mocap_optitrack_interfaces/msg/detail/dds_fastrtps
[0.614s] -- Up-to-date: /home/snovyang/neuroaesthetics/install/mocap_optitrack_interfaces/include/mocap_optitrack_interfaces/mocap_optitrack_interfaces/msg/detail/rigid_body_array__rosidl_typesupport_fastrtps_cpp.hpp
[0.615s] -- Up-to-date: /home/snovyang/neuroaesthetics/install/mocap_optitrack_interfaces/lib/libmocap_optitrack_interfaces__rosidl_typesupport_fastrtps_cpp.so
[0.615s] -- Up-to-date: /home/snovyang/neuroaesthetics/install/mocap_optitrack_interfaces/include/mocap_optitrack_interfaces/mocap_optitrack_interfaces
[0.615s] -- Up-to-date: /home/snovyang/neuroaesthetics/install/mocap_optitrack_interfaces/include/mocap_optitrack_interfaces/mocap_optitrack_interfaces/msg
[0.615s] -- Up-to-date: /home/snovyang/neuroaesthetics/install/mocap_optitrack_interfaces/include/mocap_optitrack_interfaces/mocap_optitrack_interfaces/msg/detail
[0.615s] -- Up-to-date: /home/snovyang/neuroaesthetics/install/mocap_optitrack_interfaces/include/mocap_optitrack_interfaces/mocap_optitrack_interfaces/msg/detail/rigid_body__type_support.cpp
[0.615s] -- Up-to-date: /home/snovyang/neuroaesthetics/install/mocap_optitrack_interfaces/include/mocap_optitrack_interfaces/mocap_optitrack_interfaces/msg/detail/rigid_body__rosidl_typesupport_introspection_cpp.hpp
[0.615s] -- Up-to-date: /home/snovyang/neuroaesthetics/install/mocap_optitrack_interfaces/include/mocap_optitrack_interfaces/mocap_optitrack_interfaces/msg/detail/rigid_body_array__rosidl_typesupport_introspection_cpp.hpp
[0.615s] -- Up-to-date: /home/snovyang/neuroaesthetics/install/mocap_optitrack_interfaces/include/mocap_optitrack_interfaces/mocap_optitrack_interfaces/msg/detail/rigid_body_array__type_support.cpp
[0.616s] -- Up-to-date: /home/snovyang/neuroaesthetics/install/mocap_optitrack_interfaces/lib/libmocap_optitrack_interfaces__rosidl_typesupport_introspection_cpp.so
[0.616s] -- Up-to-date: /home/snovyang/neuroaesthetics/install/mocap_optitrack_interfaces/lib/libmocap_optitrack_interfaces__rosidl_typesupport_cpp.so
[0.616s] -- Up-to-date: /home/snovyang/neuroaesthetics/install/mocap_optitrack_interfaces/share/mocap_optitrack_interfaces/environment/pythonpath.sh
[0.616s] -- Up-to-date: /home/snovyang/neuroaesthetics/install/mocap_optitrack_interfaces/share/mocap_optitrack_interfaces/environment/pythonpath.dsv
[0.616s] -- Up-to-date: /home/snovyang/neuroaesthetics/install/mocap_optitrack_interfaces/lib/python3.10/site-packages/mocap_optitrack_interfaces-0.0.1-py3.10.egg-info
[0.616s] -- Installing: /home/snovyang/neuroaesthetics/install/mocap_optitrack_interfaces/lib/python3.10/site-packages/mocap_optitrack_interfaces-0.0.1-py3.10.egg-info/dependency_links.txt
[0.616s] -- Installing: /home/snovyang/neuroaesthetics/install/mocap_optitrack_interfaces/lib/python3.10/site-packages/mocap_optitrack_interfaces-0.0.1-py3.10.egg-info/SOURCES.txt
[0.616s] -- Installing: /home/snovyang/neuroaesthetics/install/mocap_optitrack_interfaces/lib/python3.10/site-packages/mocap_optitrack_interfaces-0.0.1-py3.10.egg-info/top_level.txt
[0.616s] -- Installing: /home/snovyang/neuroaesthetics/install/mocap_optitrack_interfaces/lib/python3.10/site-packages/mocap_optitrack_interfaces-0.0.1-py3.10.egg-info/PKG-INFO
[0.617s] -- Up-to-date: /home/snovyang/neuroaesthetics/install/mocap_optitrack_interfaces/lib/python3.10/site-packages/mocap_optitrack_interfaces
[0.617s] -- Up-to-date: /home/snovyang/neuroaesthetics/install/mocap_optitrack_interfaces/lib/python3.10/site-packages/mocap_optitrack_interfaces/__init__.py
[0.617s] -- Up-to-date: /home/snovyang/neuroaesthetics/install/mocap_optitrack_interfaces/lib/python3.10/site-packages/mocap_optitrack_interfaces/mocap_optitrack_interfaces_s__rosidl_typesupport_fastrtps_c.cpython-310-x86_64-linux-gnu.so
[0.617s] -- Up-to-date: /home/snovyang/neuroaesthetics/install/mocap_optitrack_interfaces/lib/python3.10/site-packages/mocap_optitrack_interfaces/_mocap_optitrack_interfaces_s.ep.rosidl_typesupport_c.c
[0.617s] -- Up-to-date: /home/snovyang/neuroaesthetics/install/mocap_optitrack_interfaces/lib/python3.10/site-packages/mocap_optitrack_interfaces/_mocap_optitrack_interfaces_s.ep.rosidl_typesupport_introspection_c.c
[0.617s] -- Up-to-date: /home/snovyang/neuroaesthetics/install/mocap_optitrack_interfaces/lib/python3.10/site-packages/mocap_optitrack_interfaces/mocap_optitrack_interfaces_s__rosidl_typesupport_introspection_c.cpython-310-x86_64-linux-gnu.so
[0.617s] -- Up-to-date: /home/snovyang/neuroaesthetics/install/mocap_optitrack_interfaces/lib/python3.10/site-packages/mocap_optitrack_interfaces/libmocap_optitrack_interfaces__rosidl_generator_py.so
[0.617s] -- Up-to-date: /home/snovyang/neuroaesthetics/install/mocap_optitrack_interfaces/lib/python3.10/site-packages/mocap_optitrack_interfaces/msg
[0.617s] -- Up-to-date: /home/snovyang/neuroaesthetics/install/mocap_optitrack_interfaces/lib/python3.10/site-packages/mocap_optitrack_interfaces/msg/__init__.py
[0.617s] -- Up-to-date: /home/snovyang/neuroaesthetics/install/mocap_optitrack_interfaces/lib/python3.10/site-packages/mocap_optitrack_interfaces/msg/_rigid_body.py
[0.618s] -- Up-to-date: /home/snovyang/neuroaesthetics/install/mocap_optitrack_interfaces/lib/python3.10/site-packages/mocap_optitrack_interfaces/msg/_rigid_body_array_s.c
[0.618s] -- Up-to-date: /home/snovyang/neuroaesthetics/install/mocap_optitrack_interfaces/lib/python3.10/site-packages/mocap_optitrack_interfaces/msg/_rigid_body_array.py
[0.618s] -- Up-to-date: /home/snovyang/neuroaesthetics/install/mocap_optitrack_interfaces/lib/python3.10/site-packages/mocap_optitrack_interfaces/msg/_rigid_body_s.c
[0.618s] -- Up-to-date: /home/snovyang/neuroaesthetics/install/mocap_optitrack_interfaces/lib/python3.10/site-packages/mocap_optitrack_interfaces/mocap_optitrack_interfaces_s__rosidl_typesupport_c.cpython-310-x86_64-linux-gnu.so
[0.618s] -- Up-to-date: /home/snovyang/neuroaesthetics/install/mocap_optitrack_interfaces/lib/python3.10/site-packages/mocap_optitrack_interfaces/_mocap_optitrack_interfaces_s.ep.rosidl_typesupport_fastrtps_c.c
[0.647s] Listing '/home/snovyang/neuroaesthetics/install/mocap_optitrack_interfaces/lib/python3.10/site-packages/mocap_optitrack_interfaces'...
[0.647s] Listing '/home/snovyang/neuroaesthetics/install/mocap_optitrack_interfaces/lib/python3.10/site-packages/mocap_optitrack_interfaces/msg'...
[0.652s] -- Up-to-date: /home/snovyang/neuroaesthetics/install/mocap_optitrack_interfaces/lib/python3.10/site-packages/mocap_optitrack_interfaces/mocap_optitrack_interfaces_s__rosidl_typesupport_fastrtps_c.cpython-310-x86_64-linux-gnu.so
[0.653s] -- Up-to-date: /home/snovyang/neuroaesthetics/install/mocap_optitrack_interfaces/lib/python3.10/site-packages/mocap_optitrack_interfaces/mocap_optitrack_interfaces_s__rosidl_typesupport_introspection_c.cpython-310-x86_64-linux-gnu.so
[0.653s] -- Up-to-date: /home/snovyang/neuroaesthetics/install/mocap_optitrack_interfaces/lib/python3.10/site-packages/mocap_optitrack_interfaces/mocap_optitrack_interfaces_s__rosidl_typesupport_c.cpython-310-x86_64-linux-gnu.so
[0.653s] -- Up-to-date: /home/snovyang/neuroaesthetics/install/mocap_optitrack_interfaces/lib/libmocap_optitrack_interfaces__rosidl_generator_py.so
[0.653s] -- Up-to-date: /home/snovyang/neuroaesthetics/install/mocap_optitrack_interfaces/share/mocap_optitrack_interfaces/msg/RigidBody.idl
[0.653s] -- Up-to-date: /home/snovyang/neuroaesthetics/install/mocap_optitrack_interfaces/share/mocap_optitrack_interfaces/msg/RigidBodyArray.idl
[0.654s] -- Up-to-date: /home/snovyang/neuroaesthetics/install/mocap_optitrack_interfaces/share/mocap_optitrack_interfaces/msg/RigidBody.msg
[0.654s] -- Up-to-date: /home/snovyang/neuroaesthetics/install/mocap_optitrack_interfaces/share/mocap_optitrack_interfaces/msg/RigidBodyArray.msg
[0.654s] -- Up-to-date: /home/snovyang/neuroaesthetics/install/mocap_optitrack_interfaces/share/ament_index/resource_index/package_run_dependencies/mocap_optitrack_interfaces
[0.654s] -- Up-to-date: /home/snovyang/neuroaesthetics/install/mocap_optitrack_interfaces/share/ament_index/resource_index/parent_prefix_path/mocap_optitrack_interfaces
[0.654s] -- Up-to-date: /home/snovyang/neuroaesthetics/install/mocap_optitrack_interfaces/share/mocap_optitrack_interfaces/environment/ament_prefix_path.sh
[0.654s] -- Up-to-date: /home/snovyang/neuroaesthetics/install/mocap_optitrack_interfaces/share/mocap_optitrack_interfaces/environment/ament_prefix_path.dsv
[0.654s] -- Up-to-date: /home/snovyang/neuroaesthetics/install/mocap_optitrack_interfaces/share/mocap_optitrack_interfaces/environment/path.sh
[0.654s] -- Up-to-date: /home/snovyang/neuroaesthetics/install/mocap_optitrack_interfaces/share/mocap_optitrack_interfaces/environment/path.dsv
[0.654s] -- Up-to-date: /home/snovyang/neuroaesthetics/install/mocap_optitrack_interfaces/share/mocap_optitrack_interfaces/local_setup.bash
[0.654s] -- Up-to-date: /home/snovyang/neuroaesthetics/install/mocap_optitrack_interfaces/share/mocap_optitrack_interfaces/local_setup.sh
[0.654s] -- Up-to-date: /home/snovyang/neuroaesthetics/install/mocap_optitrack_interfaces/share/mocap_optitrack_interfaces/local_setup.zsh
[0.654s] -- Up-to-date: /home/snovyang/neuroaesthetics/install/mocap_optitrack_interfaces/share/mocap_optitrack_interfaces/local_setup.dsv
[0.654s] -- Installing: /home/snovyang/neuroaesthetics/install/mocap_optitrack_interfaces/share/mocap_optitrack_interfaces/package.dsv
[0.654s] -- Up-to-date: /home/snovyang/neuroaesthetics/install/mocap_optitrack_interfaces/share/ament_index/resource_index/packages/mocap_optitrack_interfaces
[0.654s] -- Up-to-date: /home/snovyang/neuroaesthetics/install/mocap_optitrack_interfaces/share/mocap_optitrack_interfaces/cmake/export_mocap_optitrack_interfaces__rosidl_generator_cExport.cmake
[0.654s] -- Up-to-date: /home/snovyang/neuroaesthetics/install/mocap_optitrack_interfaces/share/mocap_optitrack_interfaces/cmake/export_mocap_optitrack_interfaces__rosidl_generator_cExport-noconfig.cmake
[0.654s] -- Up-to-date: /home/snovyang/neuroaesthetics/install/mocap_optitrack_interfaces/share/mocap_optitrack_interfaces/cmake/export_mocap_optitrack_interfaces__rosidl_typesupport_fastrtps_cExport.cmake
[0.655s] -- Up-to-date: /home/snovyang/neuroaesthetics/install/mocap_optitrack_interfaces/share/mocap_optitrack_interfaces/cmake/export_mocap_optitrack_interfaces__rosidl_typesupport_fastrtps_cExport-noconfig.cmake
[0.655s] -- Up-to-date: /home/snovyang/neuroaesthetics/install/mocap_optitrack_interfaces/share/mocap_optitrack_interfaces/cmake/mocap_optitrack_interfaces__rosidl_typesupport_introspection_cExport.cmake
[0.655s] -- Up-to-date: /home/snovyang/neuroaesthetics/install/mocap_optitrack_interfaces/share/mocap_optitrack_interfaces/cmake/mocap_optitrack_interfaces__rosidl_typesupport_introspection_cExport-noconfig.cmake
[0.655s] -- Up-to-date: /home/snovyang/neuroaesthetics/install/mocap_optitrack_interfaces/share/mocap_optitrack_interfaces/cmake/mocap_optitrack_interfaces__rosidl_typesupport_cExport.cmake
[0.655s] -- Up-to-date: /home/snovyang/neuroaesthetics/install/mocap_optitrack_interfaces/share/mocap_optitrack_interfaces/cmake/mocap_optitrack_interfaces__rosidl_typesupport_cExport-noconfig.cmake
[0.655s] -- Up-to-date: /home/snovyang/neuroaesthetics/install/mocap_optitrack_interfaces/share/mocap_optitrack_interfaces/cmake/export_mocap_optitrack_interfaces__rosidl_generator_cppExport.cmake
[0.655s] -- Up-to-date: /home/snovyang/neuroaesthetics/install/mocap_optitrack_interfaces/share/mocap_optitrack_interfaces/cmake/export_mocap_optitrack_interfaces__rosidl_typesupport_fastrtps_cppExport.cmake
[0.655s] -- Up-to-date: /home/snovyang/neuroaesthetics/install/mocap_optitrack_interfaces/share/mocap_optitrack_interfaces/cmake/export_mocap_optitrack_interfaces__rosidl_typesupport_fastrtps_cppExport-noconfig.cmake
[0.655s] -- Up-to-date: /home/snovyang/neuroaesthetics/install/mocap_optitrack_interfaces/share/mocap_optitrack_interfaces/cmake/mocap_optitrack_interfaces__rosidl_typesupport_introspection_cppExport.cmake
[0.655s] -- Up-to-date: /home/snovyang/neuroaesthetics/install/mocap_optitrack_interfaces/share/mocap_optitrack_interfaces/cmake/mocap_optitrack_interfaces__rosidl_typesupport_introspection_cppExport-noconfig.cmake
[0.655s] -- Up-to-date: /home/snovyang/neuroaesthetics/install/mocap_optitrack_interfaces/share/mocap_optitrack_interfaces/cmake/mocap_optitrack_interfaces__rosidl_typesupport_cppExport.cmake
[0.655s] -- Up-to-date: /home/snovyang/neuroaesthetics/install/mocap_optitrack_interfaces/share/mocap_optitrack_interfaces/cmake/mocap_optitrack_interfaces__rosidl_typesupport_cppExport-noconfig.cmake
[0.655s] -- Up-to-date: /home/snovyang/neuroaesthetics/install/mocap_optitrack_interfaces/share/mocap_optitrack_interfaces/cmake/export_mocap_optitrack_interfaces__rosidl_generator_pyExport.cmake
[0.656s] -- Up-to-date: /home/snovyang/neuroaesthetics/install/mocap_optitrack_interfaces/share/mocap_optitrack_interfaces/cmake/export_mocap_optitrack_interfaces__rosidl_generator_pyExport-noconfig.cmake
[0.656s] -- Up-to-date: /home/snovyang/neuroaesthetics/install/mocap_optitrack_interfaces/share/mocap_optitrack_interfaces/cmake/rosidl_cmake-extras.cmake
[0.656s] -- Up-to-date: /home/snovyang/neuroaesthetics/install/mocap_optitrack_interfaces/share/mocap_optitrack_interfaces/cmake/ament_cmake_export_dependencies-extras.cmake
[0.656s] -- Up-to-date: /home/snovyang/neuroaesthetics/install/mocap_optitrack_interfaces/share/mocap_optitrack_interfaces/cmake/ament_cmake_export_include_directories-extras.cmake
[0.656s] -- Up-to-date: /home/snovyang/neuroaesthetics/install/mocap_optitrack_interfaces/share/mocap_optitrack_interfaces/cmake/ament_cmake_export_libraries-extras.cmake
[0.656s] -- Up-to-date: /home/snovyang/neuroaesthetics/install/mocap_optitrack_interfaces/share/mocap_optitrack_interfaces/cmake/ament_cmake_export_targets-extras.cmake
[0.656s] -- Up-to-date: /home/snovyang/neuroaesthetics/install/mocap_optitrack_interfaces/share/mocap_optitrack_interfaces/cmake/rosidl_cmake_export_typesupport_targets-extras.cmake
[0.656s] -- Up-to-date: /home/snovyang/neuroaesthetics/install/mocap_optitrack_interfaces/share/mocap_optitrack_interfaces/cmake/rosidl_cmake_export_typesupport_libraries-extras.cmake
[0.656s] -- Up-to-date: /home/snovyang/neuroaesthetics/install/mocap_optitrack_interfaces/share/mocap_optitrack_interfaces/cmake/mocap_optitrack_interfacesConfig.cmake
[0.656s] -- Up-to-date: /home/snovyang/neuroaesthetics/install/mocap_optitrack_interfaces/share/mocap_optitrack_interfaces/cmake/mocap_optitrack_interfacesConfig-version.cmake
[0.656s] -- Up-to-date: /home/snovyang/neuroaesthetics/install/mocap_optitrack_interfaces/share/mocap_optitrack_interfaces/package.xml
[0.658s] Invoked command in '/home/snovyang/neuroaesthetics/build/mocap_optitrack_interfaces' returned '0': CMAKE_PREFIX_PATH=${CMAKE_PREFIX_PATH}:/opt/ros/humble VIRTUAL_ENV_PROMPT=(.venv) /home/snovyang/.local/bin/cmake --install /home/snovyang/neuroaesthetics/build/mocap_optitrack_interfaces
