[100%] Built target mocap_optitrack_client
-- Install configuration: ""
-- Up-to-date: /home/snovyang/neuroaesthetics/install/mocap_optitrack_client/lib/mocap_optitrack_client/mocap_optitrack_client
-- Up-to-date: /home/snovyang/neuroaesthetics/install/mocap_optitrack_client/lib/libNatNet.so
-- Up-to-date: /home/snovyang/neuroaesthetics/install/mocap_optitrack_client/share/mocap_optitrack_client/config
-- Installing: /home/snovyang/neuroaesthetics/install/mocap_optitrack_client/share/mocap_optitrack_client/config/natnetclient.yaml
-- Up-to-date: /home/snovyang/neuroaesthetics/install/mocap_optitrack_client/share/ament_index/resource_index/package_run_dependencies/mocap_optitrack_client
-- Up-to-date: /home/snovyang/neuroaesthetics/install/mocap_optitrack_client/share/ament_index/resource_index/parent_prefix_path/mocap_optitrack_client
-- Up-to-date: /home/snovyang/neuroaesthetics/install/mocap_optitrack_client/share/mocap_optitrack_client/environment/ament_prefix_path.sh
-- Up-to-date: /home/snovyang/neuroaesthetics/install/mocap_optitrack_client/share/mocap_optitrack_client/environment/ament_prefix_path.dsv
-- Up-to-date: /home/snovyang/neuroaesthetics/install/mocap_optitrack_client/share/mocap_optitrack_client/environment/path.sh
-- Up-to-date: /home/snovyang/neuroaesthetics/install/mocap_optitrack_client/share/mocap_optitrack_client/environment/path.dsv
-- Up-to-date: /home/snovyang/neuroaesthetics/install/mocap_optitrack_client/share/mocap_optitrack_client/local_setup.bash
-- Up-to-date: /home/snovyang/neuroaesthetics/install/mocap_optitrack_client/share/mocap_optitrack_client/local_setup.sh
-- Up-to-date: /home/snovyang/neuroaesthetics/install/mocap_optitrack_client/share/mocap_optitrack_client/local_setup.zsh
-- Up-to-date: /home/snovyang/neuroaesthetics/install/mocap_optitrack_client/share/mocap_optitrack_client/local_setup.dsv
-- Installing: /home/snovyang/neuroaesthetics/install/mocap_optitrack_client/share/mocap_optitrack_client/package.dsv
-- Up-to-date: /home/snovyang/neuroaesthetics/install/mocap_optitrack_client/share/ament_index/resource_index/packages/mocap_optitrack_client
-- Up-to-date: /home/snovyang/neuroaesthetics/install/mocap_optitrack_client/share/mocap_optitrack_client/cmake/mocap_optitrack_clientConfig.cmake
-- Up-to-date: /home/snovyang/neuroaesthetics/install/mocap_optitrack_client/share/mocap_optitrack_client/cmake/mocap_optitrack_clientConfig-version.cmake
-- Up-to-date: /home/snovyang/neuroaesthetics/install/mocap_optitrack_client/share/mocap_optitrack_client/package.xml
