[0.012s] Invoking command in '/home/snovyang/neuroaesthetics/build/mocap_optitrack_client': AMENT_PREFIX_PATH=/home/snovyang/neuroaesthetics/install/mocap_optitrack_interfaces:${AMENT_PREFIX_PATH} CMAKE_PREFIX_PATH=/home/snovyang/neuroaesthetics/install/mocap_optitrack_interfaces:/home/snovyang/ros2_aura_ws/install/turtlesim:/home/snovyang/ros2_aura_ws/install/my_package:/home/snovyang/ros2_aura_ws/install/emotibit_pubsub:/home/snovyang/ros2_aura_ws/install/cpp_pubsub:/home/snovyang/ros2_aura_ws/install/emotibit_msg:/opt/ros/humble LD_LIBRARY_PATH=/home/snovyang/neuroaesthetics/install/mocap_optitrack_interfaces/lib:${LD_LIBRARY_PATH} PYTHONPATH=/home/snovyang/neuroaesthetics/install/mocap_optitrack_interfaces/lib/python3.10/site-packages:${PYTHONPATH} VIRTUAL_ENV_PROMPT=(.venv) /home/snovyang/.local/bin/cmake --build /home/snovyang/neuroaesthetics/build/mocap_optitrack_client -- -j8 -l8
[0.159s] [100%] Built target mocap_optitrack_client
[0.261s] Invoked command in '/home/snovyang/neuroaesthetics/build/mocap_optitrack_client' returned '0': AMENT_PREFIX_PATH=/home/snovyang/neuroaesthetics/install/mocap_optitrack_interfaces:${AMENT_PREFIX_PATH} CMAKE_PREFIX_PATH=/home/snovyang/neuroaesthetics/install/mocap_optitrack_interfaces:/home/snovyang/ros2_aura_ws/install/turtlesim:/home/snovyang/ros2_aura_ws/install/my_package:/home/snovyang/ros2_aura_ws/install/emotibit_pubsub:/home/snovyang/ros2_aura_ws/install/cpp_pubsub:/home/snovyang/ros2_aura_ws/install/emotibit_msg:/opt/ros/humble LD_LIBRARY_PATH=/home/snovyang/neuroaesthetics/install/mocap_optitrack_interfaces/lib:${LD_LIBRARY_PATH} PYTHONPATH=/home/snovyang/neuroaesthetics/install/mocap_optitrack_interfaces/lib/python3.10/site-packages:${PYTHONPATH} VIRTUAL_ENV_PROMPT=(.venv) /home/snovyang/.local/bin/cmake --build /home/snovyang/neuroaesthetics/build/mocap_optitrack_client -- -j8 -l8
[0.263s] Invoking command in '/home/snovyang/neuroaesthetics/build/mocap_optitrack_client': AMENT_PREFIX_PATH=/home/snovyang/neuroaesthetics/install/mocap_optitrack_interfaces:${AMENT_PREFIX_PATH} CMAKE_PREFIX_PATH=/home/snovyang/neuroaesthetics/install/mocap_optitrack_interfaces:/home/snovyang/ros2_aura_ws/install/turtlesim:/home/snovyang/ros2_aura_ws/install/my_package:/home/snovyang/ros2_aura_ws/install/emotibit_pubsub:/home/snovyang/ros2_aura_ws/install/cpp_pubsub:/home/snovyang/ros2_aura_ws/install/emotibit_msg:/opt/ros/humble LD_LIBRARY_PATH=/home/snovyang/neuroaesthetics/install/mocap_optitrack_interfaces/lib:${LD_LIBRARY_PATH} PYTHONPATH=/home/snovyang/neuroaesthetics/install/mocap_optitrack_interfaces/lib/python3.10/site-packages:${PYTHONPATH} VIRTUAL_ENV_PROMPT=(.venv) /home/snovyang/.local/bin/cmake --install /home/snovyang/neuroaesthetics/build/mocap_optitrack_client
[0.345s] -- Install configuration: ""
[0.345s] -- Up-to-date: /home/snovyang/neuroaesthetics/install/mocap_optitrack_client/lib/mocap_optitrack_client/mocap_optitrack_client
[0.345s] -- Up-to-date: /home/snovyang/neuroaesthetics/install/mocap_optitrack_client/lib/libNatNet.so
[0.345s] -- Up-to-date: /home/snovyang/neuroaesthetics/install/mocap_optitrack_client/share/mocap_optitrack_client/config
[0.345s] -- Installing: /home/snovyang/neuroaesthetics/install/mocap_optitrack_client/share/mocap_optitrack_client/config/natnetclient.yaml
[0.345s] -- Up-to-date: /home/snovyang/neuroaesthetics/install/mocap_optitrack_client/share/ament_index/resource_index/package_run_dependencies/mocap_optitrack_client
[0.345s] -- Up-to-date: /home/snovyang/neuroaesthetics/install/mocap_optitrack_client/share/ament_index/resource_index/parent_prefix_path/mocap_optitrack_client
[0.345s] -- Up-to-date: /home/snovyang/neuroaesthetics/install/mocap_optitrack_client/share/mocap_optitrack_client/environment/ament_prefix_path.sh
[0.346s] -- Up-to-date: /home/snovyang/neuroaesthetics/install/mocap_optitrack_client/share/mocap_optitrack_client/environment/ament_prefix_path.dsv
[0.346s] -- Up-to-date: /home/snovyang/neuroaesthetics/install/mocap_optitrack_client/share/mocap_optitrack_client/environment/path.sh
[0.346s] -- Up-to-date: /home/snovyang/neuroaesthetics/install/mocap_optitrack_client/share/mocap_optitrack_client/environment/path.dsv
[0.346s] -- Up-to-date: /home/snovyang/neuroaesthetics/install/mocap_optitrack_client/share/mocap_optitrack_client/local_setup.bash
[0.346s] -- Up-to-date: /home/snovyang/neuroaesthetics/install/mocap_optitrack_client/share/mocap_optitrack_client/local_setup.sh
[0.346s] -- Up-to-date: /home/snovyang/neuroaesthetics/install/mocap_optitrack_client/share/mocap_optitrack_client/local_setup.zsh
[0.346s] -- Up-to-date: /home/snovyang/neuroaesthetics/install/mocap_optitrack_client/share/mocap_optitrack_client/local_setup.dsv
[0.346s] -- Installing: /home/snovyang/neuroaesthetics/install/mocap_optitrack_client/share/mocap_optitrack_client/package.dsv
[0.346s] -- Up-to-date: /home/snovyang/neuroaesthetics/install/mocap_optitrack_client/share/ament_index/resource_index/packages/mocap_optitrack_client
[0.346s] -- Up-to-date: /home/snovyang/neuroaesthetics/install/mocap_optitrack_client/share/mocap_optitrack_client/cmake/mocap_optitrack_clientConfig.cmake
[0.346s] -- Up-to-date: /home/snovyang/neuroaesthetics/install/mocap_optitrack_client/share/mocap_optitrack_client/cmake/mocap_optitrack_clientConfig-version.cmake
[0.346s] -- Up-to-date: /home/snovyang/neuroaesthetics/install/mocap_optitrack_client/share/mocap_optitrack_client/package.xml
[0.348s] Invoked command in '/home/snovyang/neuroaesthetics/build/mocap_optitrack_client' returned '0': AMENT_PREFIX_PATH=/home/snovyang/neuroaesthetics/install/mocap_optitrack_interfaces:${AMENT_PREFIX_PATH} CMAKE_PREFIX_PATH=/home/snovyang/neuroaesthetics/install/mocap_optitrack_interfaces:/home/snovyang/ros2_aura_ws/install/turtlesim:/home/snovyang/ros2_aura_ws/install/my_package:/home/snovyang/ros2_aura_ws/install/emotibit_pubsub:/home/snovyang/ros2_aura_ws/install/cpp_pubsub:/home/snovyang/ros2_aura_ws/install/emotibit_msg:/opt/ros/humble LD_LIBRARY_PATH=/home/snovyang/neuroaesthetics/install/mocap_optitrack_interfaces/lib:${LD_LIBRARY_PATH} PYTHONPATH=/home/snovyang/neuroaesthetics/install/mocap_optitrack_interfaces/lib/python3.10/site-packages:${PYTHONPATH} VIRTUAL_ENV_PROMPT=(.venv) /home/snovyang/.local/bin/cmake --install /home/snovyang/neuroaesthetics/build/mocap_optitrack_client
