[0mCMake Deprecation Warning at CMakeLists.txt:4 (cmake_minimum_required):
  Compatibility with CMake < 3.10 will be removed from a future version of
  CMake.

  Update the VERSION argument <min> value.  Or, use the <min>...<max> syntax
  to tell CMake that the project requires at least <min> but has been updated
  to work with policies introduced by <max> or earlier.

[0m
-- The C compiler identification is GNU 13.1.0
-- The CXX compiler identification is GNU 13.1.0
-- Detecting C compiler ABI info
-- Detecting C compiler ABI info - done
-- Check for working C compiler: /usr/bin/cc - skipped
-- Detecting C compile features
-- Detecting C compile features - done
-- Detecting CXX compiler ABI info
-- Detecting CXX compiler ABI info - done
-- Check for working CXX compiler: /usr/bin/c++ - skipped
-- Detecting CXX compile features
-- Detecting CXX compile features - done
-- Found ament_cmake: 1.3.11 (/opt/ros/humble/share/ament_cmake/cmake)
-- Found Python3: /home/snovyang/neuroaesthetics/.venv/bin/python3 (found version "3.10.12") found components: Interpreter
-- Found rclcpp: 16.0.11 (/opt/ros/humble/share/rclcpp/cmake)
-- Found rosidl_generator_c: 3.1.6 (/opt/ros/humble/share/rosidl_generator_c/cmake)
-- Found rosidl_adapter: 3.1.6 (/opt/ros/humble/share/rosidl_adapter/cmake)
-- Found rosidl_generator_cpp: 3.1.6 (/opt/ros/humble/share/rosidl_generator_cpp/cmake)
-- Using all available rosidl_typesupport_c: rosidl_typesupport_fastrtps_c;rosidl_typesupport_introspection_c
-- Using all available rosidl_typesupport_cpp: rosidl_typesupport_fastrtps_cpp;rosidl_typesupport_introspection_cpp
-- Found rmw_implementation_cmake: 6.1.2 (/opt/ros/humble/share/rmw_implementation_cmake/cmake)
-- Found rmw_fastrtps_cpp: 6.2.7 (/opt/ros/humble/share/rmw_fastrtps_cpp/cmake)
-- Found OpenSSL: /usr/lib/x86_64-linux-gnu/libcrypto.so (found version "3.0.2")
-- Found FastRTPS: /opt/ros/humble/include
-- Using RMW implementation 'rmw_fastrtps_cpp' as default
-- Performing Test CMAKE_HAVE_LIBC_PTHREAD
-- Performing Test CMAKE_HAVE_LIBC_PTHREAD - Success
-- Found Threads: TRUE
-- Found rclcpp_components: 16.0.11 (/opt/ros/humble/share/rclcpp_components/cmake)
-- Found mocap_optitrack_interfaces: 0.0.1 (/home/snovyang/neuroaesthetics/install/mocap_optitrack_interfaces/share/mocap_optitrack_interfaces/cmake)
-- Configuring done (1.6s)
-- Generating done (0.1s)
-- Build files have been written to: /home/snovyang/neuroaesthetics/build/mocap_optitrack_client
[ 66%] [32mBuilding CXX object CMakeFiles/mocap_optitrack_client.dir/src/MoCapPublisher.cpp.o[0m
[ 66%] [32mBuilding CXX object CMakeFiles/mocap_optitrack_client.dir/src/MoCapNatNetClient.cpp.o[0m
[100%] [32m[1mLinking CXX executable mocap_optitrack_client[0m
[100%] Built target mocap_optitrack_client
-- Install configuration: ""
-- Installing: /home/snovyang/neuroaesthetics/install/mocap_optitrack_client/lib/mocap_optitrack_client/mocap_optitrack_client
-- Set non-toolchain portion of runtime path of "/home/snovyang/neuroaesthetics/install/mocap_optitrack_client/lib/mocap_optitrack_client/mocap_optitrack_client" to ""
-- Installing: /home/snovyang/neuroaesthetics/install/mocap_optitrack_client/lib/libNatNet.so
-- Installing: /home/snovyang/neuroaesthetics/install/mocap_optitrack_client/share/mocap_optitrack_client/config
-- Installing: /home/snovyang/neuroaesthetics/install/mocap_optitrack_client/share/mocap_optitrack_client/config/natnetclient.yaml
-- Installing: /home/snovyang/neuroaesthetics/install/mocap_optitrack_client/share/ament_index/resource_index/package_run_dependencies/mocap_optitrack_client
-- Installing: /home/snovyang/neuroaesthetics/install/mocap_optitrack_client/share/ament_index/resource_index/parent_prefix_path/mocap_optitrack_client
-- Installing: /home/snovyang/neuroaesthetics/install/mocap_optitrack_client/share/mocap_optitrack_client/environment/ament_prefix_path.sh
-- Installing: /home/snovyang/neuroaesthetics/install/mocap_optitrack_client/share/mocap_optitrack_client/environment/ament_prefix_path.dsv
-- Installing: /home/snovyang/neuroaesthetics/install/mocap_optitrack_client/share/mocap_optitrack_client/environment/path.sh
-- Installing: /home/snovyang/neuroaesthetics/install/mocap_optitrack_client/share/mocap_optitrack_client/environment/path.dsv
-- Installing: /home/snovyang/neuroaesthetics/install/mocap_optitrack_client/share/mocap_optitrack_client/local_setup.bash
-- Installing: /home/snovyang/neuroaesthetics/install/mocap_optitrack_client/share/mocap_optitrack_client/local_setup.sh
-- Installing: /home/snovyang/neuroaesthetics/install/mocap_optitrack_client/share/mocap_optitrack_client/local_setup.zsh
-- Installing: /home/snovyang/neuroaesthetics/install/mocap_optitrack_client/share/mocap_optitrack_client/local_setup.dsv
-- Installing: /home/snovyang/neuroaesthetics/install/mocap_optitrack_client/share/mocap_optitrack_client/package.dsv
-- Installing: /home/snovyang/neuroaesthetics/install/mocap_optitrack_client/share/ament_index/resource_index/packages/mocap_optitrack_client
-- Installing: /home/snovyang/neuroaesthetics/install/mocap_optitrack_client/share/mocap_optitrack_client/cmake/mocap_optitrack_clientConfig.cmake
-- Installing: /home/snovyang/neuroaesthetics/install/mocap_optitrack_client/share/mocap_optitrack_client/cmake/mocap_optitrack_clientConfig-version.cmake
-- Installing: /home/snovyang/neuroaesthetics/install/mocap_optitrack_client/share/mocap_optitrack_client/package.xml
