[0.683s] Invoking command in '/home/snovyang/neuroaesthetics/src/proj_pkg': AMENT_PREFIX_PATH=/home/snovyang/neuroaesthetics/install/mocap_optitrack_interfaces:${AMENT_PREFIX_PATH} CMAKE_PREFIX_PATH=/home/snovyang/neuroaesthetics/install/mocap_optitrack_interfaces:${CMAKE_PREFIX_PATH} LD_LIBRARY_PATH=/home/snovyang/neuroaesthetics/install/mocap_optitrack_interfaces/lib:${LD_LIBRARY_PATH} PYTHONPATH=/home/snovyang/neuroaesthetics/build/proj_pkg/prefix_override:/usr/lib/python3/dist-packages/colcon_core/task/python/colcon_distutils_commands:/home/snovyang/neuroaesthetics/install/proj_pkg/lib/python3.10/site-packages:/home/snovyang/neuroaesthetics/install/mocap_optitrack_interfaces/lib/python3.10/site-packages:${PYTHONPATH} VIRTUAL_ENV_PROMPT=(.venv) /usr/bin/python3 -W ignore:setup.py install is deprecated -W ignore:easy_install command is deprecated setup.py egg_info --egg-base ../../build/proj_pkg build --build-base /home/snovyang/neuroaesthetics/build/proj_pkg/build install --record /home/snovyang/neuroaesthetics/build/proj_pkg/install.log --single-version-externally-managed install_data
[0.899s] running egg_info
[0.900s] writing ../../build/proj_pkg/proj_pkg.egg-info/PKG-INFO
[0.901s] writing dependency_links to ../../build/proj_pkg/proj_pkg.egg-info/dependency_links.txt
[0.901s] writing entry points to ../../build/proj_pkg/proj_pkg.egg-info/entry_points.txt
[0.901s] writing requirements to ../../build/proj_pkg/proj_pkg.egg-info/requires.txt
[0.901s] writing top-level names to ../../build/proj_pkg/proj_pkg.egg-info/top_level.txt
[0.907s] reading manifest file '../../build/proj_pkg/proj_pkg.egg-info/SOURCES.txt'
[0.908s] writing manifest file '../../build/proj_pkg/proj_pkg.egg-info/SOURCES.txt'
[0.908s] running build
[0.908s] running build_py
[0.908s] copying proj_pkg/visualizer.py -> /home/snovyang/neuroaesthetics/build/proj_pkg/build/lib/proj_pkg
[0.909s] running install
[0.909s] running install_lib
[0.910s] copying /home/snovyang/neuroaesthetics/build/proj_pkg/build/lib/proj_pkg/visualizer.py -> /home/snovyang/neuroaesthetics/install/proj_pkg/lib/python3.10/site-packages/proj_pkg
[0.911s] byte-compiling /home/snovyang/neuroaesthetics/install/proj_pkg/lib/python3.10/site-packages/proj_pkg/visualizer.py to visualizer.cpython-310.pyc
[0.912s] running install_data
[0.913s] running install_egg_info
[0.915s] removing '/home/snovyang/neuroaesthetics/install/proj_pkg/lib/python3.10/site-packages/proj_pkg-0.0.0-py3.10.egg-info' (and everything under it)
[0.915s] Copying ../../build/proj_pkg/proj_pkg.egg-info to /home/snovyang/neuroaesthetics/install/proj_pkg/lib/python3.10/site-packages/proj_pkg-0.0.0-py3.10.egg-info
[0.916s] running install_scripts
[0.938s] Installing mocap_visualizer script to /home/snovyang/neuroaesthetics/install/proj_pkg/bin
[0.938s] writing list of installed files to '/home/snovyang/neuroaesthetics/build/proj_pkg/install.log'
[0.963s] Invoked command in '/home/snovyang/neuroaesthetics/src/proj_pkg' returned '0': AMENT_PREFIX_PATH=/home/snovyang/neuroaesthetics/install/mocap_optitrack_interfaces:${AMENT_PREFIX_PATH} CMAKE_PREFIX_PATH=/home/snovyang/neuroaesthetics/install/mocap_optitrack_interfaces:${CMAKE_PREFIX_PATH} LD_LIBRARY_PATH=/home/snovyang/neuroaesthetics/install/mocap_optitrack_interfaces/lib:${LD_LIBRARY_PATH} PYTHONPATH=/home/snovyang/neuroaesthetics/build/proj_pkg/prefix_override:/usr/lib/python3/dist-packages/colcon_core/task/python/colcon_distutils_commands:/home/snovyang/neuroaesthetics/install/proj_pkg/lib/python3.10/site-packages:/home/snovyang/neuroaesthetics/install/mocap_optitrack_interfaces/lib/python3.10/site-packages:${PYTHONPATH} VIRTUAL_ENV_PROMPT=(.venv) /usr/bin/python3 -W ignore:setup.py install is deprecated -W ignore:easy_install command is deprecated setup.py egg_info --egg-base ../../build/proj_pkg build --build-base /home/snovyang/neuroaesthetics/build/proj_pkg/build install --record /home/snovyang/neuroaesthetics/build/proj_pkg/install.log --single-version-externally-managed install_data
