[0.084s] DEBUG:colcon:Command line arguments: ['/usr/bin/colcon', 'build']
[0.084s] DEBUG:colcon:Parsed command line arguments: Namespace(log_base=None, log_level=None, verb_name='build', build_base='build', install_base='install', merge_install=False, symlink_install=False, test_result_base=None, continue_on_error=False, executor='parallel', parallel_workers=8, event_handlers=None, ignore_user_meta=False, metas=['./colcon.meta'], base_paths=['.'], packages_ignore=None, packages_ignore_regex=None, paths=None, packages_up_to=None, packages_up_to_regex=None, packages_above=None, packages_above_and_dependencies=None, packages_above_depth=None, packages_select_by_dep=None, packages_skip_by_dep=None, packages_skip_up_to=None, packages_select_build_failed=False, packages_skip_build_finished=False, packages_select_test_failures=False, packages_skip_test_passed=False, packages_select=None, packages_skip=None, packages_select_regex=None, packages_skip_regex=None, packages_start=None, packages_end=None, allow_overriding=[], cmake_args=None, cmake_target=None, cmake_target_skip_unavailable=False, cmake_clean_cache=False, cmake_clean_first=False, cmake_force_configure=False, ament_cmake_args=None, catkin_cmake_args=None, catkin_skip_building_tests=False, verb_parser=<colcon_defaults.argument_parser.defaults.DefaultArgumentsDecorator object at 0x79b120d32d10>, verb_extension=<colcon_core.verb.build.BuildVerb object at 0x79b120e74250>, main=<bound method BuildVerb.main of <colcon_core.verb.build.BuildVerb object at 0x79b120e74250>>)
[0.210s] Level 1:colcon.colcon_core.package_discovery:discover_packages(colcon_meta) check parameters
[0.210s] Level 1:colcon.colcon_core.package_discovery:discover_packages(recursive) check parameters
[0.210s] Level 1:colcon.colcon_core.package_discovery:discover_packages(ignore) check parameters
[0.210s] Level 1:colcon.colcon_core.package_discovery:discover_packages(path) check parameters
[0.210s] Level 1:colcon.colcon_core.package_discovery:discover_packages(colcon_meta) discover
[0.210s] Level 1:colcon.colcon_core.package_discovery:discover_packages(recursive) discover
[0.210s] INFO:colcon.colcon_core.package_discovery:Crawling recursively for packages in '/home/snovyang/neuroaesthetics'
[0.210s] Level 1:colcon.colcon_core.package_identification:_identify(.) by extensions ['ignore', 'ignore_ament_install']
[0.211s] Level 1:colcon.colcon_core.package_identification:_identify(.) by extension 'ignore'
[0.211s] Level 1:colcon.colcon_core.package_identification:_identify(.) by extension 'ignore_ament_install'
[0.211s] Level 1:colcon.colcon_core.package_identification:_identify(.) by extensions ['colcon_pkg']
[0.211s] Level 1:colcon.colcon_core.package_identification:_identify(.) by extension 'colcon_pkg'
[0.211s] Level 1:colcon.colcon_core.package_identification:_identify(.) by extensions ['colcon_meta']
[0.211s] Level 1:colcon.colcon_core.package_identification:_identify(.) by extension 'colcon_meta'
[0.211s] Level 1:colcon.colcon_core.package_identification:_identify(.) by extensions ['ros']
[0.211s] Level 1:colcon.colcon_core.package_identification:_identify(.) by extension 'ros'
[0.220s] Level 1:colcon.colcon_core.package_identification:_identify(.) by extensions ['cmake', 'python']
[0.220s] Level 1:colcon.colcon_core.package_identification:_identify(.) by extension 'cmake'
[0.221s] Level 1:colcon.colcon_core.package_identification:_identify(.) by extension 'python'
[0.221s] Level 1:colcon.colcon_core.package_identification:_identify(.) by extensions ['python_setup_py']
[0.221s] Level 1:colcon.colcon_core.package_identification:_identify(.) by extension 'python_setup_py'
[0.221s] Level 1:colcon.colcon_core.package_identification:_identify(build) by extensions ['ignore', 'ignore_ament_install']
[0.221s] Level 1:colcon.colcon_core.package_identification:_identify(build) by extension 'ignore'
[0.221s] Level 1:colcon.colcon_core.package_identification:_identify(build) ignored
[0.221s] Level 1:colcon.colcon_core.package_identification:_identify(install) by extensions ['ignore', 'ignore_ament_install']
[0.221s] Level 1:colcon.colcon_core.package_identification:_identify(install) by extension 'ignore'
[0.221s] Level 1:colcon.colcon_core.package_identification:_identify(install) ignored
[0.221s] Level 1:colcon.colcon_core.package_identification:_identify(log) by extensions ['ignore', 'ignore_ament_install']
[0.221s] Level 1:colcon.colcon_core.package_identification:_identify(log) by extension 'ignore'
[0.221s] Level 1:colcon.colcon_core.package_identification:_identify(log) ignored
[0.222s] Level 1:colcon.colcon_core.package_identification:_identify(src) by extensions ['ignore', 'ignore_ament_install']
[0.222s] Level 1:colcon.colcon_core.package_identification:_identify(src) by extension 'ignore'
[0.222s] Level 1:colcon.colcon_core.package_identification:_identify(src) by extension 'ignore_ament_install'
[0.222s] Level 1:colcon.colcon_core.package_identification:_identify(src) by extensions ['colcon_pkg']
[0.222s] Level 1:colcon.colcon_core.package_identification:_identify(src) by extension 'colcon_pkg'
[0.222s] Level 1:colcon.colcon_core.package_identification:_identify(src) by extensions ['colcon_meta']
[0.222s] Level 1:colcon.colcon_core.package_identification:_identify(src) by extension 'colcon_meta'
[0.222s] Level 1:colcon.colcon_core.package_identification:_identify(src) by extensions ['ros']
[0.222s] Level 1:colcon.colcon_core.package_identification:_identify(src) by extension 'ros'
[0.222s] Level 1:colcon.colcon_core.package_identification:_identify(src) by extensions ['cmake', 'python']
[0.222s] Level 1:colcon.colcon_core.package_identification:_identify(src) by extension 'cmake'
[0.222s] Level 1:colcon.colcon_core.package_identification:_identify(src) by extension 'python'
[0.222s] Level 1:colcon.colcon_core.package_identification:_identify(src) by extensions ['python_setup_py']
[0.222s] Level 1:colcon.colcon_core.package_identification:_identify(src) by extension 'python_setup_py'
[0.222s] Level 1:colcon.colcon_core.package_identification:_identify(src/mocap_pkg) by extensions ['ignore', 'ignore_ament_install']
[0.222s] Level 1:colcon.colcon_core.package_identification:_identify(src/mocap_pkg) by extension 'ignore'
[0.223s] Level 1:colcon.colcon_core.package_identification:_identify(src/mocap_pkg) by extension 'ignore_ament_install'
[0.223s] Level 1:colcon.colcon_core.package_identification:_identify(src/mocap_pkg) by extensions ['colcon_pkg']
[0.223s] Level 1:colcon.colcon_core.package_identification:_identify(src/mocap_pkg) by extension 'colcon_pkg'
[0.223s] Level 1:colcon.colcon_core.package_identification:_identify(src/mocap_pkg) by extensions ['colcon_meta']
[0.223s] Level 1:colcon.colcon_core.package_identification:_identify(src/mocap_pkg) by extension 'colcon_meta'
[0.223s] Level 1:colcon.colcon_core.package_identification:_identify(src/mocap_pkg) by extensions ['ros']
[0.223s] Level 1:colcon.colcon_core.package_identification:_identify(src/mocap_pkg) by extension 'ros'
[0.223s] Level 1:colcon.colcon_core.package_identification:_identify(src/mocap_pkg) by extensions ['cmake', 'python']
[0.223s] Level 1:colcon.colcon_core.package_identification:_identify(src/mocap_pkg) by extension 'cmake'
[0.223s] Level 1:colcon.colcon_core.package_identification:_identify(src/mocap_pkg) by extension 'python'
[0.223s] Level 1:colcon.colcon_core.package_identification:_identify(src/mocap_pkg) by extensions ['python_setup_py']
[0.223s] Level 1:colcon.colcon_core.package_identification:_identify(src/mocap_pkg) by extension 'python_setup_py'
[0.223s] Level 1:colcon.colcon_core.package_identification:_identify(src/mocap_pkg/launch) by extensions ['ignore', 'ignore_ament_install']
[0.223s] Level 1:colcon.colcon_core.package_identification:_identify(src/mocap_pkg/launch) by extension 'ignore'
[0.223s] Level 1:colcon.colcon_core.package_identification:_identify(src/mocap_pkg/launch) by extension 'ignore_ament_install'
[0.223s] Level 1:colcon.colcon_core.package_identification:_identify(src/mocap_pkg/launch) by extensions ['colcon_pkg']
[0.223s] Level 1:colcon.colcon_core.package_identification:_identify(src/mocap_pkg/launch) by extension 'colcon_pkg'
[0.223s] Level 1:colcon.colcon_core.package_identification:_identify(src/mocap_pkg/launch) by extensions ['colcon_meta']
[0.224s] Level 1:colcon.colcon_core.package_identification:_identify(src/mocap_pkg/launch) by extension 'colcon_meta'
[0.224s] Level 1:colcon.colcon_core.package_identification:_identify(src/mocap_pkg/launch) by extensions ['ros']
[0.224s] Level 1:colcon.colcon_core.package_identification:_identify(src/mocap_pkg/launch) by extension 'ros'
[0.224s] Level 1:colcon.colcon_core.package_identification:_identify(src/mocap_pkg/launch) by extensions ['cmake', 'python']
[0.224s] Level 1:colcon.colcon_core.package_identification:_identify(src/mocap_pkg/launch) by extension 'cmake'
[0.224s] Level 1:colcon.colcon_core.package_identification:_identify(src/mocap_pkg/launch) by extension 'python'
[0.224s] Level 1:colcon.colcon_core.package_identification:_identify(src/mocap_pkg/launch) by extensions ['python_setup_py']
[0.224s] Level 1:colcon.colcon_core.package_identification:_identify(src/mocap_pkg/launch) by extension 'python_setup_py'
[0.224s] Level 1:colcon.colcon_core.package_identification:_identify(src/mocap_pkg/mocap_optitrack_client) by extensions ['ignore', 'ignore_ament_install']
[0.224s] Level 1:colcon.colcon_core.package_identification:_identify(src/mocap_pkg/mocap_optitrack_client) by extension 'ignore'
[0.224s] Level 1:colcon.colcon_core.package_identification:_identify(src/mocap_pkg/mocap_optitrack_client) by extension 'ignore_ament_install'
[0.224s] Level 1:colcon.colcon_core.package_identification:_identify(src/mocap_pkg/mocap_optitrack_client) by extensions ['colcon_pkg']
[0.224s] Level 1:colcon.colcon_core.package_identification:_identify(src/mocap_pkg/mocap_optitrack_client) by extension 'colcon_pkg'
[0.224s] Level 1:colcon.colcon_core.package_identification:_identify(src/mocap_pkg/mocap_optitrack_client) by extensions ['colcon_meta']
[0.224s] Level 1:colcon.colcon_core.package_identification:_identify(src/mocap_pkg/mocap_optitrack_client) by extension 'colcon_meta'
[0.224s] Level 1:colcon.colcon_core.package_identification:_identify(src/mocap_pkg/mocap_optitrack_client) by extensions ['ros']
[0.224s] Level 1:colcon.colcon_core.package_identification:_identify(src/mocap_pkg/mocap_optitrack_client) by extension 'ros'
[0.227s] DEBUG:colcon.colcon_core.package_identification:Package 'src/mocap_pkg/mocap_optitrack_client' with type 'ros.ament_cmake' and name 'mocap_optitrack_client'
[0.227s] Level 1:colcon.colcon_core.package_identification:_identify(src/mocap_pkg/mocap_optitrack_interfaces) by extensions ['ignore', 'ignore_ament_install']
[0.227s] Level 1:colcon.colcon_core.package_identification:_identify(src/mocap_pkg/mocap_optitrack_interfaces) by extension 'ignore'
[0.227s] Level 1:colcon.colcon_core.package_identification:_identify(src/mocap_pkg/mocap_optitrack_interfaces) by extension 'ignore_ament_install'
[0.227s] Level 1:colcon.colcon_core.package_identification:_identify(src/mocap_pkg/mocap_optitrack_interfaces) by extensions ['colcon_pkg']
[0.227s] Level 1:colcon.colcon_core.package_identification:_identify(src/mocap_pkg/mocap_optitrack_interfaces) by extension 'colcon_pkg'
[0.227s] Level 1:colcon.colcon_core.package_identification:_identify(src/mocap_pkg/mocap_optitrack_interfaces) by extensions ['colcon_meta']
[0.227s] Level 1:colcon.colcon_core.package_identification:_identify(src/mocap_pkg/mocap_optitrack_interfaces) by extension 'colcon_meta'
[0.227s] Level 1:colcon.colcon_core.package_identification:_identify(src/mocap_pkg/mocap_optitrack_interfaces) by extensions ['ros']
[0.227s] Level 1:colcon.colcon_core.package_identification:_identify(src/mocap_pkg/mocap_optitrack_interfaces) by extension 'ros'
[0.228s] DEBUG:colcon.colcon_core.package_identification:Package 'src/mocap_pkg/mocap_optitrack_interfaces' with type 'ros.ament_cmake' and name 'mocap_optitrack_interfaces'
[0.228s] Level 1:colcon.colcon_core.package_identification:_identify(src/proj_pkg) by extensions ['ignore', 'ignore_ament_install']
[0.228s] Level 1:colcon.colcon_core.package_identification:_identify(src/proj_pkg) by extension 'ignore'
[0.228s] Level 1:colcon.colcon_core.package_identification:_identify(src/proj_pkg) by extension 'ignore_ament_install'
[0.228s] Level 1:colcon.colcon_core.package_identification:_identify(src/proj_pkg) by extensions ['colcon_pkg']
[0.228s] Level 1:colcon.colcon_core.package_identification:_identify(src/proj_pkg) by extension 'colcon_pkg'
[0.228s] Level 1:colcon.colcon_core.package_identification:_identify(src/proj_pkg) by extensions ['colcon_meta']
[0.228s] Level 1:colcon.colcon_core.package_identification:_identify(src/proj_pkg) by extension 'colcon_meta'
[0.228s] Level 1:colcon.colcon_core.package_identification:_identify(src/proj_pkg) by extensions ['ros']
[0.228s] Level 1:colcon.colcon_core.package_identification:_identify(src/proj_pkg) by extension 'ros'
[0.229s] DEBUG:colcon.colcon_core.package_identification:Package 'src/proj_pkg' with type 'ros.ament_python' and name 'proj_pkg'
[0.229s] Level 1:colcon.colcon_core.package_identification:_identify(src/testHumanTrajectory) by extensions ['ignore', 'ignore_ament_install']
[0.229s] Level 1:colcon.colcon_core.package_identification:_identify(src/testHumanTrajectory) by extension 'ignore'
[0.229s] Level 1:colcon.colcon_core.package_identification:_identify(src/testHumanTrajectory) by extension 'ignore_ament_install'
[0.229s] Level 1:colcon.colcon_core.package_identification:_identify(src/testHumanTrajectory) by extensions ['colcon_pkg']
[0.229s] Level 1:colcon.colcon_core.package_identification:_identify(src/testHumanTrajectory) by extension 'colcon_pkg'
[0.229s] Level 1:colcon.colcon_core.package_identification:_identify(src/testHumanTrajectory) by extensions ['colcon_meta']
[0.229s] Level 1:colcon.colcon_core.package_identification:_identify(src/testHumanTrajectory) by extension 'colcon_meta'
[0.230s] Level 1:colcon.colcon_core.package_identification:_identify(src/testHumanTrajectory) by extensions ['ros']
[0.230s] Level 1:colcon.colcon_core.package_identification:_identify(src/testHumanTrajectory) by extension 'ros'
[0.230s] Level 1:colcon.colcon_core.package_identification:_identify(src/testHumanTrajectory) by extensions ['cmake', 'python']
[0.230s] Level 1:colcon.colcon_core.package_identification:_identify(src/testHumanTrajectory) by extension 'cmake'
[0.230s] Level 1:colcon.colcon_core.package_identification:_identify(src/testHumanTrajectory) by extension 'python'
[0.230s] Level 1:colcon.colcon_core.package_identification:_identify(src/testHumanTrajectory) by extensions ['python_setup_py']
[0.230s] Level 1:colcon.colcon_core.package_identification:_identify(src/testHumanTrajectory) by extension 'python_setup_py'
[0.230s] Level 1:colcon.colcon_core.package_discovery:discover_packages(recursive) using defaults
[0.230s] Level 1:colcon.colcon_core.package_discovery:discover_packages(ignore) discover
[0.230s] Level 1:colcon.colcon_core.package_discovery:discover_packages(ignore) using defaults
[0.230s] Level 1:colcon.colcon_core.package_discovery:discover_packages(path) discover
[0.230s] Level 1:colcon.colcon_core.package_discovery:discover_packages(path) using defaults
[0.246s] Level 1:colcon.colcon_core.package_discovery:discover_packages(prefix_path) check parameters
[0.246s] Level 1:colcon.colcon_core.package_discovery:discover_packages(prefix_path) discover
[0.248s] DEBUG:colcon.colcon_installed_package_information.package_discovery:Found 3 installed packages in /home/snovyang/neuroaesthetics/install
[0.248s] DEBUG:colcon.colcon_installed_package_information.package_discovery:Found 1 installed packages in /home/snovyang/ros2_ws/install
[0.249s] DEBUG:colcon.colcon_installed_package_information.package_discovery:Found 5 installed packages in /home/snovyang/ros2_aura_ws/install
[0.249s] DEBUG:colcon.colcon_installed_package_information.package_discovery:Found 202 installed packages in /opt/ros/humble
[0.250s] Level 1:colcon.colcon_core.package_discovery:discover_packages(prefix_path) using defaults
[0.281s] Level 5:colcon.colcon_core.verb:set package 'mocap_optitrack_interfaces' build argument 'cmake_args' from command line to 'None'
[0.281s] Level 5:colcon.colcon_core.verb:set package 'mocap_optitrack_interfaces' build argument 'cmake_target' from command line to 'None'
[0.281s] Level 5:colcon.colcon_core.verb:set package 'mocap_optitrack_interfaces' build argument 'cmake_target_skip_unavailable' from command line to 'False'
[0.281s] Level 5:colcon.colcon_core.verb:set package 'mocap_optitrack_interfaces' build argument 'cmake_clean_cache' from command line to 'False'
[0.281s] Level 5:colcon.colcon_core.verb:set package 'mocap_optitrack_interfaces' build argument 'cmake_clean_first' from command line to 'False'
[0.281s] Level 5:colcon.colcon_core.verb:set package 'mocap_optitrack_interfaces' build argument 'cmake_force_configure' from command line to 'False'
[0.281s] Level 5:colcon.colcon_core.verb:set package 'mocap_optitrack_interfaces' build argument 'ament_cmake_args' from command line to 'None'
[0.281s] Level 5:colcon.colcon_core.verb:set package 'mocap_optitrack_interfaces' build argument 'catkin_cmake_args' from command line to 'None'
[0.281s] Level 5:colcon.colcon_core.verb:set package 'mocap_optitrack_interfaces' build argument 'catkin_skip_building_tests' from command line to 'False'
[0.281s] DEBUG:colcon.colcon_core.verb:Building package 'mocap_optitrack_interfaces' with the following arguments: {'ament_cmake_args': None, 'build_base': '/home/snovyang/neuroaesthetics/build/mocap_optitrack_interfaces', 'catkin_cmake_args': None, 'catkin_skip_building_tests': False, 'cmake_args': None, 'cmake_clean_cache': False, 'cmake_clean_first': False, 'cmake_force_configure': False, 'cmake_target': None, 'cmake_target_skip_unavailable': False, 'install_base': '/home/snovyang/neuroaesthetics/install/mocap_optitrack_interfaces', 'merge_install': False, 'path': '/home/snovyang/neuroaesthetics/src/mocap_pkg/mocap_optitrack_interfaces', 'symlink_install': False, 'test_result_base': None}
[0.282s] Level 5:colcon.colcon_core.verb:set package 'mocap_optitrack_client' build argument 'cmake_args' from command line to 'None'
[0.282s] Level 5:colcon.colcon_core.verb:set package 'mocap_optitrack_client' build argument 'cmake_target' from command line to 'None'
[0.282s] Level 5:colcon.colcon_core.verb:set package 'mocap_optitrack_client' build argument 'cmake_target_skip_unavailable' from command line to 'False'
[0.282s] Level 5:colcon.colcon_core.verb:set package 'mocap_optitrack_client' build argument 'cmake_clean_cache' from command line to 'False'
[0.282s] Level 5:colcon.colcon_core.verb:set package 'mocap_optitrack_client' build argument 'cmake_clean_first' from command line to 'False'
[0.282s] Level 5:colcon.colcon_core.verb:set package 'mocap_optitrack_client' build argument 'cmake_force_configure' from command line to 'False'
[0.282s] Level 5:colcon.colcon_core.verb:set package 'mocap_optitrack_client' build argument 'ament_cmake_args' from command line to 'None'
[0.282s] Level 5:colcon.colcon_core.verb:set package 'mocap_optitrack_client' build argument 'catkin_cmake_args' from command line to 'None'
[0.282s] Level 5:colcon.colcon_core.verb:set package 'mocap_optitrack_client' build argument 'catkin_skip_building_tests' from command line to 'False'
[0.282s] DEBUG:colcon.colcon_core.verb:Building package 'mocap_optitrack_client' with the following arguments: {'ament_cmake_args': None, 'build_base': '/home/snovyang/neuroaesthetics/build/mocap_optitrack_client', 'catkin_cmake_args': None, 'catkin_skip_building_tests': False, 'cmake_args': None, 'cmake_clean_cache': False, 'cmake_clean_first': False, 'cmake_force_configure': False, 'cmake_target': None, 'cmake_target_skip_unavailable': False, 'install_base': '/home/snovyang/neuroaesthetics/install/mocap_optitrack_client', 'merge_install': False, 'path': '/home/snovyang/neuroaesthetics/src/mocap_pkg/mocap_optitrack_client', 'symlink_install': False, 'test_result_base': None}
[0.282s] Level 5:colcon.colcon_core.verb:set package 'proj_pkg' build argument 'cmake_args' from command line to 'None'
[0.282s] Level 5:colcon.colcon_core.verb:set package 'proj_pkg' build argument 'cmake_target' from command line to 'None'
[0.282s] Level 5:colcon.colcon_core.verb:set package 'proj_pkg' build argument 'cmake_target_skip_unavailable' from command line to 'False'
[0.282s] Level 5:colcon.colcon_core.verb:set package 'proj_pkg' build argument 'cmake_clean_cache' from command line to 'False'
[0.282s] Level 5:colcon.colcon_core.verb:set package 'proj_pkg' build argument 'cmake_clean_first' from command line to 'False'
[0.282s] Level 5:colcon.colcon_core.verb:set package 'proj_pkg' build argument 'cmake_force_configure' from command line to 'False'
[0.282s] Level 5:colcon.colcon_core.verb:set package 'proj_pkg' build argument 'ament_cmake_args' from command line to 'None'
[0.282s] Level 5:colcon.colcon_core.verb:set package 'proj_pkg' build argument 'catkin_cmake_args' from command line to 'None'
[0.282s] Level 5:colcon.colcon_core.verb:set package 'proj_pkg' build argument 'catkin_skip_building_tests' from command line to 'False'
[0.282s] DEBUG:colcon.colcon_core.verb:Building package 'proj_pkg' with the following arguments: {'ament_cmake_args': None, 'build_base': '/home/snovyang/neuroaesthetics/build/proj_pkg', 'catkin_cmake_args': None, 'catkin_skip_building_tests': False, 'cmake_args': None, 'cmake_clean_cache': False, 'cmake_clean_first': False, 'cmake_force_configure': False, 'cmake_target': None, 'cmake_target_skip_unavailable': False, 'install_base': '/home/snovyang/neuroaesthetics/install/proj_pkg', 'merge_install': False, 'path': '/home/snovyang/neuroaesthetics/src/proj_pkg', 'symlink_install': False, 'test_result_base': None}
[0.283s] INFO:colcon.colcon_core.executor:Executing jobs using 'parallel' executor
[0.284s] DEBUG:colcon.colcon_parallel_executor.executor.parallel:run_until_complete
[0.284s] INFO:colcon.colcon_ros.task.ament_cmake.build:Building ROS package in '/home/snovyang/neuroaesthetics/src/mocap_pkg/mocap_optitrack_interfaces' with build type 'ament_cmake'
[0.284s] INFO:colcon.colcon_cmake.task.cmake.build:Building CMake package in '/home/snovyang/neuroaesthetics/src/mocap_pkg/mocap_optitrack_interfaces'
[0.286s] INFO:colcon.colcon_core.plugin_system:Skipping extension 'colcon_core.shell.bat': Not used on non-Windows systems
[0.286s] INFO:colcon.colcon_core.shell:Skip shell extension 'powershell' for command environment: Not usable outside of PowerShell
[0.286s] DEBUG:colcon.colcon_core.shell:Skip shell extension 'dsv' for command environment
[0.296s] DEBUG:colcon.colcon_core.event_handler.log_command:Invoking command in '/home/snovyang/neuroaesthetics/build/mocap_optitrack_interfaces': CMAKE_PREFIX_PATH=${CMAKE_PREFIX_PATH}:/home/snovyang/neuroaesthetics/install/proj_pkg:/opt/ros/humble PS1=\[\e]0;\u@\h: \w\a\]${debian_chroot:+($debian_chroot)}\[\033[01;32m\]\u@\h\[\033[00m\]:\[\033[01;34m\]\w\[\033[00m\]\$ /home/snovyang/.local/bin/cmake --build /home/snovyang/neuroaesthetics/build/mocap_optitrack_interfaces -- -j8 -l8
[0.574s] DEBUG:colcon.colcon_core.event_handler.log_command:Invoked command in '/home/snovyang/neuroaesthetics/build/mocap_optitrack_interfaces' returned '0': CMAKE_PREFIX_PATH=${CMAKE_PREFIX_PATH}:/home/snovyang/neuroaesthetics/install/proj_pkg:/opt/ros/humble PS1=\[\e]0;\u@\h: \w\a\]${debian_chroot:+($debian_chroot)}\[\033[01;32m\]\u@\h\[\033[00m\]:\[\033[01;34m\]\w\[\033[00m\]\$ /home/snovyang/.local/bin/cmake --build /home/snovyang/neuroaesthetics/build/mocap_optitrack_interfaces -- -j8 -l8
[0.641s] DEBUG:colcon.colcon_core.event_handler.log_command:Invoking command in '/home/snovyang/neuroaesthetics/build/mocap_optitrack_interfaces': CMAKE_PREFIX_PATH=${CMAKE_PREFIX_PATH}:/home/snovyang/neuroaesthetics/install/proj_pkg:/opt/ros/humble PS1=\[\e]0;\u@\h: \w\a\]${debian_chroot:+($debian_chroot)}\[\033[01;32m\]\u@\h\[\033[00m\]:\[\033[01;34m\]\w\[\033[00m\]\$ /home/snovyang/.local/bin/cmake --install /home/snovyang/neuroaesthetics/build/mocap_optitrack_interfaces
[0.756s] Level 1:colcon.colcon_core.environment:create_environment_scripts_only(mocap_optitrack_interfaces)
[0.757s] DEBUG:colcon.colcon_core.event_handler.log_command:Invoked command in '/home/snovyang/neuroaesthetics/build/mocap_optitrack_interfaces' returned '0': CMAKE_PREFIX_PATH=${CMAKE_PREFIX_PATH}:/home/snovyang/neuroaesthetics/install/proj_pkg:/opt/ros/humble PS1=\[\e]0;\u@\h: \w\a\]${debian_chroot:+($debian_chroot)}\[\033[01;32m\]\u@\h\[\033[00m\]:\[\033[01;34m\]\w\[\033[00m\]\$ /home/snovyang/.local/bin/cmake --install /home/snovyang/neuroaesthetics/build/mocap_optitrack_interfaces
[0.760s] Level 1:colcon.colcon_core.environment:checking '/home/snovyang/neuroaesthetics/install/mocap_optitrack_interfaces' for CMake module files
[0.761s] Level 1:colcon.colcon_core.environment:checking '/home/snovyang/neuroaesthetics/install/mocap_optitrack_interfaces' for CMake config files
[0.761s] Level 1:colcon.colcon_core.shell:create_environment_hook('mocap_optitrack_interfaces', 'cmake_prefix_path')
[0.761s] INFO:colcon.colcon_core.shell:Creating environment hook '/home/snovyang/neuroaesthetics/install/mocap_optitrack_interfaces/share/mocap_optitrack_interfaces/hook/cmake_prefix_path.ps1'
[0.762s] INFO:colcon.colcon_core.shell:Creating environment descriptor '/home/snovyang/neuroaesthetics/install/mocap_optitrack_interfaces/share/mocap_optitrack_interfaces/hook/cmake_prefix_path.dsv'
[0.763s] INFO:colcon.colcon_core.shell:Creating environment hook '/home/snovyang/neuroaesthetics/install/mocap_optitrack_interfaces/share/mocap_optitrack_interfaces/hook/cmake_prefix_path.sh'
[0.764s] Level 1:colcon.colcon_core.environment:checking '/home/snovyang/neuroaesthetics/install/mocap_optitrack_interfaces/lib'
[0.764s] Level 1:colcon.colcon_core.shell:create_environment_hook('mocap_optitrack_interfaces', 'ld_library_path_lib')
[0.764s] INFO:colcon.colcon_core.shell:Creating environment hook '/home/snovyang/neuroaesthetics/install/mocap_optitrack_interfaces/share/mocap_optitrack_interfaces/hook/ld_library_path_lib.ps1'
[0.765s] INFO:colcon.colcon_core.shell:Creating environment descriptor '/home/snovyang/neuroaesthetics/install/mocap_optitrack_interfaces/share/mocap_optitrack_interfaces/hook/ld_library_path_lib.dsv'
[0.765s] INFO:colcon.colcon_core.shell:Creating environment hook '/home/snovyang/neuroaesthetics/install/mocap_optitrack_interfaces/share/mocap_optitrack_interfaces/hook/ld_library_path_lib.sh'
[0.765s] Level 1:colcon.colcon_core.environment:checking '/home/snovyang/neuroaesthetics/install/mocap_optitrack_interfaces/bin'
[0.765s] Level 1:colcon.colcon_core.environment:checking '/home/snovyang/neuroaesthetics/install/mocap_optitrack_interfaces/lib/pkgconfig/mocap_optitrack_interfaces.pc'
[0.766s] Level 1:colcon.colcon_core.environment:checking '/home/snovyang/neuroaesthetics/install/mocap_optitrack_interfaces/lib/python3.10/site-packages'
[0.766s] Level 1:colcon.colcon_core.shell:create_environment_hook('mocap_optitrack_interfaces', 'pythonpath')
[0.766s] INFO:colcon.colcon_core.shell:Creating environment hook '/home/snovyang/neuroaesthetics/install/mocap_optitrack_interfaces/share/mocap_optitrack_interfaces/hook/pythonpath.ps1'
[0.766s] INFO:colcon.colcon_core.shell:Creating environment descriptor '/home/snovyang/neuroaesthetics/install/mocap_optitrack_interfaces/share/mocap_optitrack_interfaces/hook/pythonpath.dsv'
[0.767s] INFO:colcon.colcon_core.shell:Creating environment hook '/home/snovyang/neuroaesthetics/install/mocap_optitrack_interfaces/share/mocap_optitrack_interfaces/hook/pythonpath.sh'
[0.767s] Level 1:colcon.colcon_core.environment:checking '/home/snovyang/neuroaesthetics/install/mocap_optitrack_interfaces/bin'
[0.768s] INFO:colcon.colcon_core.shell:Creating package script '/home/snovyang/neuroaesthetics/install/mocap_optitrack_interfaces/share/mocap_optitrack_interfaces/package.ps1'
[0.769s] INFO:colcon.colcon_core.shell:Creating package descriptor '/home/snovyang/neuroaesthetics/install/mocap_optitrack_interfaces/share/mocap_optitrack_interfaces/package.dsv'
[0.770s] INFO:colcon.colcon_core.shell:Creating package script '/home/snovyang/neuroaesthetics/install/mocap_optitrack_interfaces/share/mocap_optitrack_interfaces/package.sh'
[0.771s] INFO:colcon.colcon_core.shell:Creating package script '/home/snovyang/neuroaesthetics/install/mocap_optitrack_interfaces/share/mocap_optitrack_interfaces/package.bash'
[0.772s] INFO:colcon.colcon_core.shell:Creating package script '/home/snovyang/neuroaesthetics/install/mocap_optitrack_interfaces/share/mocap_optitrack_interfaces/package.zsh'
[0.773s] Level 1:colcon.colcon_core.environment:create_file_with_runtime_dependencies(/home/snovyang/neuroaesthetics/install/mocap_optitrack_interfaces/share/colcon-core/packages/mocap_optitrack_interfaces)
[0.774s] Level 1:colcon.colcon_core.environment:create_environment_scripts_only(mocap_optitrack_interfaces)
[0.774s] Level 1:colcon.colcon_core.environment:checking '/home/snovyang/neuroaesthetics/install/mocap_optitrack_interfaces' for CMake module files
[0.775s] Level 1:colcon.colcon_core.environment:checking '/home/snovyang/neuroaesthetics/install/mocap_optitrack_interfaces' for CMake config files
[0.775s] Level 1:colcon.colcon_core.shell:create_environment_hook('mocap_optitrack_interfaces', 'cmake_prefix_path')
[0.775s] INFO:colcon.colcon_core.shell:Creating environment hook '/home/snovyang/neuroaesthetics/install/mocap_optitrack_interfaces/share/mocap_optitrack_interfaces/hook/cmake_prefix_path.ps1'
[0.776s] INFO:colcon.colcon_core.shell:Creating environment descriptor '/home/snovyang/neuroaesthetics/install/mocap_optitrack_interfaces/share/mocap_optitrack_interfaces/hook/cmake_prefix_path.dsv'
[0.776s] INFO:colcon.colcon_core.shell:Creating environment hook '/home/snovyang/neuroaesthetics/install/mocap_optitrack_interfaces/share/mocap_optitrack_interfaces/hook/cmake_prefix_path.sh'
[0.777s] Level 1:colcon.colcon_core.environment:checking '/home/snovyang/neuroaesthetics/install/mocap_optitrack_interfaces/lib'
[0.777s] Level 1:colcon.colcon_core.shell:create_environment_hook('mocap_optitrack_interfaces', 'ld_library_path_lib')
[0.777s] INFO:colcon.colcon_core.shell:Creating environment hook '/home/snovyang/neuroaesthetics/install/mocap_optitrack_interfaces/share/mocap_optitrack_interfaces/hook/ld_library_path_lib.ps1'
[0.777s] INFO:colcon.colcon_core.shell:Creating environment descriptor '/home/snovyang/neuroaesthetics/install/mocap_optitrack_interfaces/share/mocap_optitrack_interfaces/hook/ld_library_path_lib.dsv'
[0.777s] INFO:colcon.colcon_core.shell:Creating environment hook '/home/snovyang/neuroaesthetics/install/mocap_optitrack_interfaces/share/mocap_optitrack_interfaces/hook/ld_library_path_lib.sh'
[0.778s] Level 1:colcon.colcon_core.environment:checking '/home/snovyang/neuroaesthetics/install/mocap_optitrack_interfaces/bin'
[0.778s] Level 1:colcon.colcon_core.environment:checking '/home/snovyang/neuroaesthetics/install/mocap_optitrack_interfaces/lib/pkgconfig/mocap_optitrack_interfaces.pc'
[0.778s] Level 1:colcon.colcon_core.environment:checking '/home/snovyang/neuroaesthetics/install/mocap_optitrack_interfaces/lib/python3.10/site-packages'
[0.778s] Level 1:colcon.colcon_core.shell:create_environment_hook('mocap_optitrack_interfaces', 'pythonpath')
[0.778s] INFO:colcon.colcon_core.shell:Creating environment hook '/home/snovyang/neuroaesthetics/install/mocap_optitrack_interfaces/share/mocap_optitrack_interfaces/hook/pythonpath.ps1'
[0.779s] INFO:colcon.colcon_core.shell:Creating environment descriptor '/home/snovyang/neuroaesthetics/install/mocap_optitrack_interfaces/share/mocap_optitrack_interfaces/hook/pythonpath.dsv'
[0.779s] INFO:colcon.colcon_core.shell:Creating environment hook '/home/snovyang/neuroaesthetics/install/mocap_optitrack_interfaces/share/mocap_optitrack_interfaces/hook/pythonpath.sh'
[0.780s] Level 1:colcon.colcon_core.environment:checking '/home/snovyang/neuroaesthetics/install/mocap_optitrack_interfaces/bin'
[0.780s] INFO:colcon.colcon_core.shell:Creating package script '/home/snovyang/neuroaesthetics/install/mocap_optitrack_interfaces/share/mocap_optitrack_interfaces/package.ps1'
[0.780s] INFO:colcon.colcon_core.shell:Creating package descriptor '/home/snovyang/neuroaesthetics/install/mocap_optitrack_interfaces/share/mocap_optitrack_interfaces/package.dsv'
[0.781s] INFO:colcon.colcon_core.shell:Creating package script '/home/snovyang/neuroaesthetics/install/mocap_optitrack_interfaces/share/mocap_optitrack_interfaces/package.sh'
[0.781s] INFO:colcon.colcon_core.shell:Creating package script '/home/snovyang/neuroaesthetics/install/mocap_optitrack_interfaces/share/mocap_optitrack_interfaces/package.bash'
[0.782s] INFO:colcon.colcon_core.shell:Creating package script '/home/snovyang/neuroaesthetics/install/mocap_optitrack_interfaces/share/mocap_optitrack_interfaces/package.zsh'
[0.782s] Level 1:colcon.colcon_core.environment:create_file_with_runtime_dependencies(/home/snovyang/neuroaesthetics/install/mocap_optitrack_interfaces/share/colcon-core/packages/mocap_optitrack_interfaces)
[0.782s] INFO:colcon.colcon_ros.task.ament_cmake.build:Building ROS package in '/home/snovyang/neuroaesthetics/src/mocap_pkg/mocap_optitrack_client' with build type 'ament_cmake'
[0.782s] INFO:colcon.colcon_cmake.task.cmake.build:Building CMake package in '/home/snovyang/neuroaesthetics/src/mocap_pkg/mocap_optitrack_client'
[0.783s] INFO:colcon.colcon_core.shell:Skip shell extension 'powershell' for command environment: Not usable outside of PowerShell
[0.783s] DEBUG:colcon.colcon_core.shell:Skip shell extension 'dsv' for command environment
[0.786s] INFO:colcon.colcon_ros.task.ament_python.build:Building ROS package in '/home/snovyang/neuroaesthetics/src/proj_pkg' with build type 'ament_python'
[0.786s] Level 1:colcon.colcon_core.shell:create_environment_hook('proj_pkg', 'ament_prefix_path')
[0.787s] INFO:colcon.colcon_core.shell:Creating environment hook '/home/snovyang/neuroaesthetics/install/proj_pkg/share/proj_pkg/hook/ament_prefix_path.ps1'
[0.787s] INFO:colcon.colcon_core.shell:Creating environment descriptor '/home/snovyang/neuroaesthetics/install/proj_pkg/share/proj_pkg/hook/ament_prefix_path.dsv'
[0.788s] INFO:colcon.colcon_core.shell:Creating environment hook '/home/snovyang/neuroaesthetics/install/proj_pkg/share/proj_pkg/hook/ament_prefix_path.sh'
[0.789s] INFO:colcon.colcon_core.shell:Skip shell extension 'powershell' for command environment: Not usable outside of PowerShell
[0.789s] DEBUG:colcon.colcon_core.shell:Skip shell extension 'dsv' for command environment
[0.797s] DEBUG:colcon.colcon_core.event_handler.log_command:Invoking command in '/home/snovyang/neuroaesthetics/build/mocap_optitrack_client': CMAKE_PREFIX_PATH=/home/snovyang/neuroaesthetics/install/mocap_optitrack_interfaces:/home/snovyang/neuroaesthetics/install/mocap_optitrack_client:/home/snovyang/ros2_aura_ws/install/turtlesim:/home/snovyang/ros2_aura_ws/install/my_package:/home/snovyang/ros2_aura_ws/install/emotibit_pubsub:/home/snovyang/ros2_aura_ws/install/cpp_pubsub:/home/snovyang/ros2_aura_ws/install/emotibit_msg:/home/snovyang/neuroaesthetics/install/proj_pkg:/opt/ros/humble LD_LIBRARY_PATH=/home/snovyang/neuroaesthetics/install/mocap_optitrack_interfaces/lib:/home/snovyang/neuroaesthetics/install/mocap_optitrack_client/lib:/home/snovyang/ros2_aura_ws/install/turtlesim/lib:/home/snovyang/ros2_aura_ws/install/emotibit_msg/lib:/opt/ros/humble/opt/rviz_ogre_vendor/lib:/opt/ros/humble/lib/x86_64-linux-gnu:/opt/ros/humble/lib PS1=\[\e]0;\u@\h: \w\a\]${debian_chroot:+($debian_chroot)}\[\033[01;32m\]\u@\h\[\033[00m\]:\[\033[01;34m\]\w\[\033[00m\]\$ PYTHONPATH=/home/snovyang/neuroaesthetics/install/mocap_optitrack_interfaces/lib/python3.10/site-packages:/home/snovyang/neuroaesthetics/install/proj_pkg/lib/python3.10/site-packages:/opt/ros/humble/lib/python3.10/site-packages:/opt/ros/humble/local/lib/python3.10/dist-packages /home/snovyang/.local/bin/cmake --build /home/snovyang/neuroaesthetics/build/mocap_optitrack_client -- -j8 -l8
[1.006s] INFO:colcon.colcon_core.task.python.build:Building Python package in '/home/snovyang/neuroaesthetics/src/proj_pkg'
[1.006s] INFO:colcon.colcon_core.shell:Skip shell extension 'powershell' for command environment: Not usable outside of PowerShell
[1.006s] DEBUG:colcon.colcon_core.shell:Skip shell extension 'dsv' for command environment
[1.010s] DEBUG:colcon.colcon_core.event_handler.log_command:Invoked command in '/home/snovyang/neuroaesthetics/build/mocap_optitrack_client' returned '0': CMAKE_PREFIX_PATH=/home/snovyang/neuroaesthetics/install/mocap_optitrack_interfaces:/home/snovyang/neuroaesthetics/install/mocap_optitrack_client:/home/snovyang/ros2_aura_ws/install/turtlesim:/home/snovyang/ros2_aura_ws/install/my_package:/home/snovyang/ros2_aura_ws/install/emotibit_pubsub:/home/snovyang/ros2_aura_ws/install/cpp_pubsub:/home/snovyang/ros2_aura_ws/install/emotibit_msg:/home/snovyang/neuroaesthetics/install/proj_pkg:/opt/ros/humble LD_LIBRARY_PATH=/home/snovyang/neuroaesthetics/install/mocap_optitrack_interfaces/lib:/home/snovyang/neuroaesthetics/install/mocap_optitrack_client/lib:/home/snovyang/ros2_aura_ws/install/turtlesim/lib:/home/snovyang/ros2_aura_ws/install/emotibit_msg/lib:/opt/ros/humble/opt/rviz_ogre_vendor/lib:/opt/ros/humble/lib/x86_64-linux-gnu:/opt/ros/humble/lib PS1=\[\e]0;\u@\h: \w\a\]${debian_chroot:+($debian_chroot)}\[\033[01;32m\]\u@\h\[\033[00m\]:\[\033[01;34m\]\w\[\033[00m\]\$ PYTHONPATH=/home/snovyang/neuroaesthetics/install/mocap_optitrack_interfaces/lib/python3.10/site-packages:/home/snovyang/neuroaesthetics/install/proj_pkg/lib/python3.10/site-packages:/opt/ros/humble/lib/python3.10/site-packages:/opt/ros/humble/local/lib/python3.10/dist-packages /home/snovyang/.local/bin/cmake --build /home/snovyang/neuroaesthetics/build/mocap_optitrack_client -- -j8 -l8
[1.012s] DEBUG:colcon.colcon_core.event_handler.log_command:Invoking command in '/home/snovyang/neuroaesthetics/build/mocap_optitrack_client': CMAKE_PREFIX_PATH=/home/snovyang/neuroaesthetics/install/mocap_optitrack_interfaces:/home/snovyang/neuroaesthetics/install/mocap_optitrack_client:/home/snovyang/ros2_aura_ws/install/turtlesim:/home/snovyang/ros2_aura_ws/install/my_package:/home/snovyang/ros2_aura_ws/install/emotibit_pubsub:/home/snovyang/ros2_aura_ws/install/cpp_pubsub:/home/snovyang/ros2_aura_ws/install/emotibit_msg:/home/snovyang/neuroaesthetics/install/proj_pkg:/opt/ros/humble LD_LIBRARY_PATH=/home/snovyang/neuroaesthetics/install/mocap_optitrack_interfaces/lib:/home/snovyang/neuroaesthetics/install/mocap_optitrack_client/lib:/home/snovyang/ros2_aura_ws/install/turtlesim/lib:/home/snovyang/ros2_aura_ws/install/emotibit_msg/lib:/opt/ros/humble/opt/rviz_ogre_vendor/lib:/opt/ros/humble/lib/x86_64-linux-gnu:/opt/ros/humble/lib PS1=\[\e]0;\u@\h: \w\a\]${debian_chroot:+($debian_chroot)}\[\033[01;32m\]\u@\h\[\033[00m\]:\[\033[01;34m\]\w\[\033[00m\]\$ PYTHONPATH=/home/snovyang/neuroaesthetics/install/mocap_optitrack_interfaces/lib/python3.10/site-packages:/home/snovyang/neuroaesthetics/install/proj_pkg/lib/python3.10/site-packages:/opt/ros/humble/lib/python3.10/site-packages:/opt/ros/humble/local/lib/python3.10/dist-packages /home/snovyang/.local/bin/cmake --install /home/snovyang/neuroaesthetics/build/mocap_optitrack_client
[1.084s] Level 1:colcon.colcon_core.environment:create_environment_scripts_only(mocap_optitrack_client)
[1.084s] Level 1:colcon.colcon_core.environment:checking '/home/snovyang/neuroaesthetics/install/mocap_optitrack_client' for CMake module files
[1.085s] DEBUG:colcon.colcon_core.event_handler.log_command:Invoked command in '/home/snovyang/neuroaesthetics/build/mocap_optitrack_client' returned '0': CMAKE_PREFIX_PATH=/home/snovyang/neuroaesthetics/install/mocap_optitrack_interfaces:/home/snovyang/neuroaesthetics/install/mocap_optitrack_client:/home/snovyang/ros2_aura_ws/install/turtlesim:/home/snovyang/ros2_aura_ws/install/my_package:/home/snovyang/ros2_aura_ws/install/emotibit_pubsub:/home/snovyang/ros2_aura_ws/install/cpp_pubsub:/home/snovyang/ros2_aura_ws/install/emotibit_msg:/home/snovyang/neuroaesthetics/install/proj_pkg:/opt/ros/humble LD_LIBRARY_PATH=/home/snovyang/neuroaesthetics/install/mocap_optitrack_interfaces/lib:/home/snovyang/neuroaesthetics/install/mocap_optitrack_client/lib:/home/snovyang/ros2_aura_ws/install/turtlesim/lib:/home/snovyang/ros2_aura_ws/install/emotibit_msg/lib:/opt/ros/humble/opt/rviz_ogre_vendor/lib:/opt/ros/humble/lib/x86_64-linux-gnu:/opt/ros/humble/lib PS1=\[\e]0;\u@\h: \w\a\]${debian_chroot:+($debian_chroot)}\[\033[01;32m\]\u@\h\[\033[00m\]:\[\033[01;34m\]\w\[\033[00m\]\$ PYTHONPATH=/home/snovyang/neuroaesthetics/install/mocap_optitrack_interfaces/lib/python3.10/site-packages:/home/snovyang/neuroaesthetics/install/proj_pkg/lib/python3.10/site-packages:/opt/ros/humble/lib/python3.10/site-packages:/opt/ros/humble/local/lib/python3.10/dist-packages /home/snovyang/.local/bin/cmake --install /home/snovyang/neuroaesthetics/build/mocap_optitrack_client
[1.085s] Level 1:colcon.colcon_core.environment:checking '/home/snovyang/neuroaesthetics/install/mocap_optitrack_client' for CMake config files
[1.085s] Level 1:colcon.colcon_core.shell:create_environment_hook('mocap_optitrack_client', 'cmake_prefix_path')
[1.086s] INFO:colcon.colcon_core.shell:Creating environment hook '/home/snovyang/neuroaesthetics/install/mocap_optitrack_client/share/mocap_optitrack_client/hook/cmake_prefix_path.ps1'
[1.086s] INFO:colcon.colcon_core.shell:Creating environment descriptor '/home/snovyang/neuroaesthetics/install/mocap_optitrack_client/share/mocap_optitrack_client/hook/cmake_prefix_path.dsv'
[1.086s] INFO:colcon.colcon_core.shell:Creating environment hook '/home/snovyang/neuroaesthetics/install/mocap_optitrack_client/share/mocap_optitrack_client/hook/cmake_prefix_path.sh'
[1.087s] Level 1:colcon.colcon_core.environment:checking '/home/snovyang/neuroaesthetics/install/mocap_optitrack_client/lib'
[1.087s] Level 1:colcon.colcon_core.shell:create_environment_hook('mocap_optitrack_client', 'ld_library_path_lib')
[1.087s] INFO:colcon.colcon_core.shell:Creating environment hook '/home/snovyang/neuroaesthetics/install/mocap_optitrack_client/share/mocap_optitrack_client/hook/ld_library_path_lib.ps1'
[1.087s] INFO:colcon.colcon_core.shell:Creating environment descriptor '/home/snovyang/neuroaesthetics/install/mocap_optitrack_client/share/mocap_optitrack_client/hook/ld_library_path_lib.dsv'
[1.088s] INFO:colcon.colcon_core.shell:Creating environment hook '/home/snovyang/neuroaesthetics/install/mocap_optitrack_client/share/mocap_optitrack_client/hook/ld_library_path_lib.sh'
[1.088s] Level 1:colcon.colcon_core.environment:checking '/home/snovyang/neuroaesthetics/install/mocap_optitrack_client/bin'
[1.088s] Level 1:colcon.colcon_core.environment:checking '/home/snovyang/neuroaesthetics/install/mocap_optitrack_client/lib/pkgconfig/mocap_optitrack_client.pc'
[1.088s] Level 1:colcon.colcon_core.environment:checking '/home/snovyang/neuroaesthetics/install/mocap_optitrack_client/lib/python3.10/site-packages'
[1.089s] Level 1:colcon.colcon_core.environment:checking '/home/snovyang/neuroaesthetics/install/mocap_optitrack_client/bin'
[1.089s] INFO:colcon.colcon_core.shell:Creating package script '/home/snovyang/neuroaesthetics/install/mocap_optitrack_client/share/mocap_optitrack_client/package.ps1'
[1.089s] INFO:colcon.colcon_core.shell:Creating package descriptor '/home/snovyang/neuroaesthetics/install/mocap_optitrack_client/share/mocap_optitrack_client/package.dsv'
[1.090s] INFO:colcon.colcon_core.shell:Creating package script '/home/snovyang/neuroaesthetics/install/mocap_optitrack_client/share/mocap_optitrack_client/package.sh'
[1.090s] INFO:colcon.colcon_core.shell:Creating package script '/home/snovyang/neuroaesthetics/install/mocap_optitrack_client/share/mocap_optitrack_client/package.bash'
[1.090s] INFO:colcon.colcon_core.shell:Creating package script '/home/snovyang/neuroaesthetics/install/mocap_optitrack_client/share/mocap_optitrack_client/package.zsh'
[1.091s] Level 1:colcon.colcon_core.environment:create_file_with_runtime_dependencies(/home/snovyang/neuroaesthetics/install/mocap_optitrack_client/share/colcon-core/packages/mocap_optitrack_client)
[1.091s] Level 1:colcon.colcon_core.environment:create_environment_scripts_only(mocap_optitrack_client)
[1.091s] Level 1:colcon.colcon_core.environment:checking '/home/snovyang/neuroaesthetics/install/mocap_optitrack_client' for CMake module files
[1.092s] Level 1:colcon.colcon_core.environment:checking '/home/snovyang/neuroaesthetics/install/mocap_optitrack_client' for CMake config files
[1.092s] Level 1:colcon.colcon_core.shell:create_environment_hook('mocap_optitrack_client', 'cmake_prefix_path')
[1.092s] INFO:colcon.colcon_core.shell:Creating environment hook '/home/snovyang/neuroaesthetics/install/mocap_optitrack_client/share/mocap_optitrack_client/hook/cmake_prefix_path.ps1'
[1.092s] INFO:colcon.colcon_core.shell:Creating environment descriptor '/home/snovyang/neuroaesthetics/install/mocap_optitrack_client/share/mocap_optitrack_client/hook/cmake_prefix_path.dsv'
[1.093s] INFO:colcon.colcon_core.shell:Creating environment hook '/home/snovyang/neuroaesthetics/install/mocap_optitrack_client/share/mocap_optitrack_client/hook/cmake_prefix_path.sh'
[1.093s] Level 1:colcon.colcon_core.environment:checking '/home/snovyang/neuroaesthetics/install/mocap_optitrack_client/lib'
[1.093s] Level 1:colcon.colcon_core.shell:create_environment_hook('mocap_optitrack_client', 'ld_library_path_lib')
[1.093s] INFO:colcon.colcon_core.shell:Creating environment hook '/home/snovyang/neuroaesthetics/install/mocap_optitrack_client/share/mocap_optitrack_client/hook/ld_library_path_lib.ps1'
[1.094s] INFO:colcon.colcon_core.shell:Creating environment descriptor '/home/snovyang/neuroaesthetics/install/mocap_optitrack_client/share/mocap_optitrack_client/hook/ld_library_path_lib.dsv'
[1.094s] INFO:colcon.colcon_core.shell:Creating environment hook '/home/snovyang/neuroaesthetics/install/mocap_optitrack_client/share/mocap_optitrack_client/hook/ld_library_path_lib.sh'
[1.094s] Level 1:colcon.colcon_core.environment:checking '/home/snovyang/neuroaesthetics/install/mocap_optitrack_client/bin'
[1.094s] Level 1:colcon.colcon_core.environment:checking '/home/snovyang/neuroaesthetics/install/mocap_optitrack_client/lib/pkgconfig/mocap_optitrack_client.pc'
[1.095s] Level 1:colcon.colcon_core.environment:checking '/home/snovyang/neuroaesthetics/install/mocap_optitrack_client/lib/python3.10/site-packages'
[1.095s] Level 1:colcon.colcon_core.environment:checking '/home/snovyang/neuroaesthetics/install/mocap_optitrack_client/bin'
[1.095s] INFO:colcon.colcon_core.shell:Creating package script '/home/snovyang/neuroaesthetics/install/mocap_optitrack_client/share/mocap_optitrack_client/package.ps1'
[1.095s] INFO:colcon.colcon_core.shell:Creating package descriptor '/home/snovyang/neuroaesthetics/install/mocap_optitrack_client/share/mocap_optitrack_client/package.dsv'
[1.096s] INFO:colcon.colcon_core.shell:Creating package script '/home/snovyang/neuroaesthetics/install/mocap_optitrack_client/share/mocap_optitrack_client/package.sh'
[1.096s] INFO:colcon.colcon_core.shell:Creating package script '/home/snovyang/neuroaesthetics/install/mocap_optitrack_client/share/mocap_optitrack_client/package.bash'
[1.097s] INFO:colcon.colcon_core.shell:Creating package script '/home/snovyang/neuroaesthetics/install/mocap_optitrack_client/share/mocap_optitrack_client/package.zsh'
[1.097s] Level 1:colcon.colcon_core.environment:create_file_with_runtime_dependencies(/home/snovyang/neuroaesthetics/install/mocap_optitrack_client/share/colcon-core/packages/mocap_optitrack_client)
[1.327s] DEBUG:colcon.colcon_core.event_handler.log_command:Invoking command in '/home/snovyang/neuroaesthetics/src/proj_pkg': CMAKE_PREFIX_PATH=/home/snovyang/neuroaesthetics/install/mocap_optitrack_interfaces:/home/snovyang/neuroaesthetics/install/mocap_optitrack_client:/home/snovyang/ros2_aura_ws/install/turtlesim:/home/snovyang/ros2_aura_ws/install/my_package:/home/snovyang/ros2_aura_ws/install/emotibit_pubsub:/home/snovyang/ros2_aura_ws/install/cpp_pubsub:/home/snovyang/ros2_aura_ws/install/emotibit_msg LD_LIBRARY_PATH=/home/snovyang/neuroaesthetics/install/mocap_optitrack_interfaces/lib:/home/snovyang/neuroaesthetics/install/mocap_optitrack_client/lib:/home/snovyang/ros2_aura_ws/install/turtlesim/lib:/home/snovyang/ros2_aura_ws/install/emotibit_msg/lib:/opt/ros/humble/opt/rviz_ogre_vendor/lib:/opt/ros/humble/lib/x86_64-linux-gnu:/opt/ros/humble/lib PS1=\[\e]0;\u@\h: \w\a\]${debian_chroot:+($debian_chroot)}\[\033[01;32m\]\u@\h\[\033[00m\]:\[\033[01;34m\]\w\[\033[00m\]\$ PYTHONPATH=/home/snovyang/neuroaesthetics/build/proj_pkg/prefix_override:/usr/lib/python3/dist-packages/colcon_core/task/python/colcon_distutils_commands:/home/snovyang/neuroaesthetics/install/proj_pkg/lib/python3.10/site-packages:/home/snovyang/neuroaesthetics/install/mocap_optitrack_interfaces/lib/python3.10/site-packages:/home/snovyang/neuroaesthetics/install/proj_pkg/lib/python3.10/site-packages:/opt/ros/humble/lib/python3.10/site-packages:/opt/ros/humble/local/lib/python3.10/dist-packages /usr/bin/python3 -W ignore:setup.py install is deprecated -W ignore:easy_install command is deprecated setup.py egg_info --egg-base ../../build/proj_pkg build --build-base /home/snovyang/neuroaesthetics/build/proj_pkg/build install --record /home/snovyang/neuroaesthetics/build/proj_pkg/install.log --single-version-externally-managed install_data
[1.558s] Level 1:colcon.colcon_core.environment:checking '/home/snovyang/neuroaesthetics/install/proj_pkg' for CMake module files
[1.559s] DEBUG:colcon.colcon_core.event_handler.log_command:Invoked command in '/home/snovyang/neuroaesthetics/src/proj_pkg' returned '0': CMAKE_PREFIX_PATH=/home/snovyang/neuroaesthetics/install/mocap_optitrack_interfaces:/home/snovyang/neuroaesthetics/install/mocap_optitrack_client:/home/snovyang/ros2_aura_ws/install/turtlesim:/home/snovyang/ros2_aura_ws/install/my_package:/home/snovyang/ros2_aura_ws/install/emotibit_pubsub:/home/snovyang/ros2_aura_ws/install/cpp_pubsub:/home/snovyang/ros2_aura_ws/install/emotibit_msg LD_LIBRARY_PATH=/home/snovyang/neuroaesthetics/install/mocap_optitrack_interfaces/lib:/home/snovyang/neuroaesthetics/install/mocap_optitrack_client/lib:/home/snovyang/ros2_aura_ws/install/turtlesim/lib:/home/snovyang/ros2_aura_ws/install/emotibit_msg/lib:/opt/ros/humble/opt/rviz_ogre_vendor/lib:/opt/ros/humble/lib/x86_64-linux-gnu:/opt/ros/humble/lib PS1=\[\e]0;\u@\h: \w\a\]${debian_chroot:+($debian_chroot)}\[\033[01;32m\]\u@\h\[\033[00m\]:\[\033[01;34m\]\w\[\033[00m\]\$ PYTHONPATH=/home/snovyang/neuroaesthetics/build/proj_pkg/prefix_override:/usr/lib/python3/dist-packages/colcon_core/task/python/colcon_distutils_commands:/home/snovyang/neuroaesthetics/install/proj_pkg/lib/python3.10/site-packages:/home/snovyang/neuroaesthetics/install/mocap_optitrack_interfaces/lib/python3.10/site-packages:/home/snovyang/neuroaesthetics/install/proj_pkg/lib/python3.10/site-packages:/opt/ros/humble/lib/python3.10/site-packages:/opt/ros/humble/local/lib/python3.10/dist-packages /usr/bin/python3 -W ignore:setup.py install is deprecated -W ignore:easy_install command is deprecated setup.py egg_info --egg-base ../../build/proj_pkg build --build-base /home/snovyang/neuroaesthetics/build/proj_pkg/build install --record /home/snovyang/neuroaesthetics/build/proj_pkg/install.log --single-version-externally-managed install_data
[1.559s] Level 1:colcon.colcon_core.environment:checking '/home/snovyang/neuroaesthetics/install/proj_pkg' for CMake config files
[1.559s] Level 1:colcon.colcon_core.environment:checking '/home/snovyang/neuroaesthetics/install/proj_pkg/lib'
[1.560s] Level 1:colcon.colcon_core.environment:checking '/home/snovyang/neuroaesthetics/install/proj_pkg/bin'
[1.560s] Level 1:colcon.colcon_core.shell:create_environment_hook('proj_pkg', 'path')
[1.560s] INFO:colcon.colcon_core.shell:Creating environment hook '/home/snovyang/neuroaesthetics/install/proj_pkg/share/proj_pkg/hook/path.ps1'
[1.560s] INFO:colcon.colcon_core.shell:Creating environment descriptor '/home/snovyang/neuroaesthetics/install/proj_pkg/share/proj_pkg/hook/path.dsv'
[1.560s] INFO:colcon.colcon_core.shell:Creating environment hook '/home/snovyang/neuroaesthetics/install/proj_pkg/share/proj_pkg/hook/path.sh'
[1.561s] Level 1:colcon.colcon_core.environment:checking '/home/snovyang/neuroaesthetics/install/proj_pkg/lib/pkgconfig/proj_pkg.pc'
[1.561s] Level 1:colcon.colcon_core.environment:checking '/home/snovyang/neuroaesthetics/install/proj_pkg/lib/python3.10/site-packages'
[1.561s] Level 1:colcon.colcon_core.shell:create_environment_hook('proj_pkg', 'pythonpath')
[1.561s] INFO:colcon.colcon_core.shell:Creating environment hook '/home/snovyang/neuroaesthetics/install/proj_pkg/share/proj_pkg/hook/pythonpath.ps1'
[1.561s] INFO:colcon.colcon_core.shell:Creating environment descriptor '/home/snovyang/neuroaesthetics/install/proj_pkg/share/proj_pkg/hook/pythonpath.dsv'
[1.562s] INFO:colcon.colcon_core.shell:Creating environment hook '/home/snovyang/neuroaesthetics/install/proj_pkg/share/proj_pkg/hook/pythonpath.sh'
[1.562s] Level 1:colcon.colcon_core.environment:checking '/home/snovyang/neuroaesthetics/install/proj_pkg/bin'
[1.562s] Level 1:colcon.colcon_core.shell:create_environment_hook('proj_pkg', 'pythonscriptspath')
[1.562s] INFO:colcon.colcon_core.shell:Creating environment hook '/home/snovyang/neuroaesthetics/install/proj_pkg/share/proj_pkg/hook/pythonscriptspath.ps1'
[1.563s] INFO:colcon.colcon_core.shell:Creating environment descriptor '/home/snovyang/neuroaesthetics/install/proj_pkg/share/proj_pkg/hook/pythonscriptspath.dsv'
[1.563s] INFO:colcon.colcon_core.shell:Creating environment hook '/home/snovyang/neuroaesthetics/install/proj_pkg/share/proj_pkg/hook/pythonscriptspath.sh'
[1.563s] Level 1:colcon.colcon_core.environment:create_environment_scripts_only(proj_pkg)
[1.564s] INFO:colcon.colcon_core.shell:Creating package script '/home/snovyang/neuroaesthetics/install/proj_pkg/share/proj_pkg/package.ps1'
[1.564s] INFO:colcon.colcon_core.shell:Creating package descriptor '/home/snovyang/neuroaesthetics/install/proj_pkg/share/proj_pkg/package.dsv'
[1.564s] INFO:colcon.colcon_core.shell:Creating package script '/home/snovyang/neuroaesthetics/install/proj_pkg/share/proj_pkg/package.sh'
[1.565s] INFO:colcon.colcon_core.shell:Creating package script '/home/snovyang/neuroaesthetics/install/proj_pkg/share/proj_pkg/package.bash'
[1.565s] INFO:colcon.colcon_core.shell:Creating package script '/home/snovyang/neuroaesthetics/install/proj_pkg/share/proj_pkg/package.zsh'
[1.565s] Level 1:colcon.colcon_core.environment:create_file_with_runtime_dependencies(/home/snovyang/neuroaesthetics/install/proj_pkg/share/colcon-core/packages/proj_pkg)
[1.565s] DEBUG:colcon.colcon_parallel_executor.executor.parallel:closing loop
[1.566s] DEBUG:colcon.colcon_parallel_executor.executor.parallel:loop closed
[1.566s] DEBUG:colcon.colcon_parallel_executor.executor.parallel:run_until_complete finished with '0'
[1.566s] DEBUG:colcon.colcon_core.event_reactor:joining thread
[1.570s] INFO:colcon.colcon_core.plugin_system:Skipping extension 'colcon_notification.desktop_notification.terminal_notifier': Not used on non-Darwin systems
[1.571s] INFO:colcon.colcon_core.plugin_system:Skipping extension 'colcon_notification.desktop_notification.win32': Not used on non-Windows systems
[1.571s] INFO:colcon.colcon_notification.desktop_notification:Sending desktop notification using 'notify2'
[1.580s] DEBUG:colcon.colcon_core.event_reactor:joined thread
[1.580s] INFO:colcon.colcon_core.shell:Creating prefix script '/home/snovyang/neuroaesthetics/install/local_setup.ps1'
[1.581s] INFO:colcon.colcon_core.shell:Creating prefix util module '/home/snovyang/neuroaesthetics/install/_local_setup_util_ps1.py'
[1.583s] INFO:colcon.colcon_core.shell:Creating prefix chain script '/home/snovyang/neuroaesthetics/install/setup.ps1'
[1.584s] INFO:colcon.colcon_core.shell:Creating prefix script '/home/snovyang/neuroaesthetics/install/local_setup.sh'
[1.585s] INFO:colcon.colcon_core.shell:Creating prefix util module '/home/snovyang/neuroaesthetics/install/_local_setup_util_sh.py'
[1.586s] INFO:colcon.colcon_core.shell:Creating prefix chain script '/home/snovyang/neuroaesthetics/install/setup.sh'
[1.587s] INFO:colcon.colcon_core.shell:Creating prefix script '/home/snovyang/neuroaesthetics/install/local_setup.bash'
[1.587s] INFO:colcon.colcon_core.shell:Creating prefix chain script '/home/snovyang/neuroaesthetics/install/setup.bash'
[1.589s] INFO:colcon.colcon_core.shell:Creating prefix script '/home/snovyang/neuroaesthetics/install/local_setup.zsh'
[1.589s] INFO:colcon.colcon_core.shell:Creating prefix chain script '/home/snovyang/neuroaesthetics/install/setup.zsh'
