[0.572s] Invoking command in '/home/snovyang/neuroaesthetics/src/proj_pkg': CMAKE_PREFIX_PATH=/home/snovyang/neuroaesthetics/install/mocap_optitrack_interfaces:/home/snovyang/neuroaesthetics/install/mocap_optitrack_client:/home/snovyang/ros2_aura_ws/install/turtlesim:/home/snovyang/ros2_aura_ws/install/my_package:/home/snovyang/ros2_aura_ws/install/emotibit_pubsub:/home/snovyang/ros2_aura_ws/install/cpp_pubsub:/home/snovyang/ros2_aura_ws/install/emotibit_msg LD_LIBRARY_PATH=/home/snovyang/neuroaesthetics/install/mocap_optitrack_interfaces/lib:/home/snovyang/neuroaesthetics/install/mocap_optitrack_client/lib:/home/snovyang/ros2_aura_ws/install/turtlesim/lib:/home/snovyang/ros2_aura_ws/install/emotibit_msg/lib:/opt/ros/humble/opt/rviz_ogre_vendor/lib:/opt/ros/humble/lib/x86_64-linux-gnu:/opt/ros/humble/lib PS1=\[\e]0;\u@\h: \w\a\]${debian_chroot:+($debian_chroot)}\[\033[01;32m\]\u@\h\[\033[00m\]:\[\033[01;34m\]\w\[\033[00m\]\$ PYTHONPATH=/home/snovyang/neuroaesthetics/build/proj_pkg/prefix_override:/usr/lib/python3/dist-packages/colcon_core/task/python/colcon_distutils_commands:/home/snovyang/neuroaesthetics/install/proj_pkg/lib/python3.10/site-packages:/home/snovyang/neuroaesthetics/install/mocap_optitrack_interfaces/lib/python3.10/site-packages:/home/snovyang/neuroaesthetics/install/proj_pkg/lib/python3.10/site-packages:/home/snovyang/ros2_aura_ws/install/turtlesim/local/lib/python3.10/dist-packages:/home/snovyang/ros2_aura_ws/install/emotibit_msg/local/lib/python3.10/dist-packages:/opt/ros/humble/lib/python3.10/site-packages:/opt/ros/humble/local/lib/python3.10/dist-packages VIRTUAL_ENV_PROMPT=(.venv) /usr/bin/python3 -W ignore:setup.py install is deprecated -W ignore:easy_install command is deprecated setup.py egg_info --egg-base ../../build/proj_pkg build --build-base /home/snovyang/neuroaesthetics/build/proj_pkg/build install --record /home/snovyang/neuroaesthetics/build/proj_pkg/install.log --single-version-externally-managed install_data
[0.775s] running egg_info
[0.776s] writing ../../build/proj_pkg/proj_pkg.egg-info/PKG-INFO
[0.776s] writing dependency_links to ../../build/proj_pkg/proj_pkg.egg-info/dependency_links.txt
[0.777s] writing entry points to ../../build/proj_pkg/proj_pkg.egg-info/entry_points.txt
[0.777s] writing requirements to ../../build/proj_pkg/proj_pkg.egg-info/requires.txt
[0.777s] writing top-level names to ../../build/proj_pkg/proj_pkg.egg-info/top_level.txt
[0.779s] reading manifest file '../../build/proj_pkg/proj_pkg.egg-info/SOURCES.txt'
[0.780s] writing manifest file '../../build/proj_pkg/proj_pkg.egg-info/SOURCES.txt'
[0.780s] running build
[0.780s] running build_py
[0.780s] copying proj_pkg/visualizer.py -> /home/snovyang/neuroaesthetics/build/proj_pkg/build/lib/proj_pkg
[0.780s] running install
[0.781s] running install_lib
[0.781s] copying /home/snovyang/neuroaesthetics/build/proj_pkg/build/lib/proj_pkg/visualizer.py -> /home/snovyang/neuroaesthetics/install/proj_pkg/lib/python3.10/site-packages/proj_pkg
[0.782s] byte-compiling /home/snovyang/neuroaesthetics/install/proj_pkg/lib/python3.10/site-packages/proj_pkg/visualizer.py to visualizer.cpython-310.pyc
[0.783s] running install_data
[0.783s] running install_egg_info
[0.785s] removing '/home/snovyang/neuroaesthetics/install/proj_pkg/lib/python3.10/site-packages/proj_pkg-0.0.0-py3.10.egg-info' (and everything under it)
[0.785s] Copying ../../build/proj_pkg/proj_pkg.egg-info to /home/snovyang/neuroaesthetics/install/proj_pkg/lib/python3.10/site-packages/proj_pkg-0.0.0-py3.10.egg-info
[0.786s] running install_scripts
[0.804s] Installing mocap_visualizer script to /home/snovyang/neuroaesthetics/install/proj_pkg/bin
[0.805s] writing list of installed files to '/home/snovyang/neuroaesthetics/build/proj_pkg/install.log'
[0.830s] Invoked command in '/home/snovyang/neuroaesthetics/src/proj_pkg' returned '0': CMAKE_PREFIX_PATH=/home/snovyang/neuroaesthetics/install/mocap_optitrack_interfaces:/home/snovyang/neuroaesthetics/install/mocap_optitrack_client:/home/snovyang/ros2_aura_ws/install/turtlesim:/home/snovyang/ros2_aura_ws/install/my_package:/home/snovyang/ros2_aura_ws/install/emotibit_pubsub:/home/snovyang/ros2_aura_ws/install/cpp_pubsub:/home/snovyang/ros2_aura_ws/install/emotibit_msg LD_LIBRARY_PATH=/home/snovyang/neuroaesthetics/install/mocap_optitrack_interfaces/lib:/home/snovyang/neuroaesthetics/install/mocap_optitrack_client/lib:/home/snovyang/ros2_aura_ws/install/turtlesim/lib:/home/snovyang/ros2_aura_ws/install/emotibit_msg/lib:/opt/ros/humble/opt/rviz_ogre_vendor/lib:/opt/ros/humble/lib/x86_64-linux-gnu:/opt/ros/humble/lib PS1=\[\e]0;\u@\h: \w\a\]${debian_chroot:+($debian_chroot)}\[\033[01;32m\]\u@\h\[\033[00m\]:\[\033[01;34m\]\w\[\033[00m\]\$ PYTHONPATH=/home/snovyang/neuroaesthetics/build/proj_pkg/prefix_override:/usr/lib/python3/dist-packages/colcon_core/task/python/colcon_distutils_commands:/home/snovyang/neuroaesthetics/install/proj_pkg/lib/python3.10/site-packages:/home/snovyang/neuroaesthetics/install/mocap_optitrack_interfaces/lib/python3.10/site-packages:/home/snovyang/neuroaesthetics/install/proj_pkg/lib/python3.10/site-packages:/home/snovyang/ros2_aura_ws/install/turtlesim/local/lib/python3.10/dist-packages:/home/snovyang/ros2_aura_ws/install/emotibit_msg/local/lib/python3.10/dist-packages:/opt/ros/humble/lib/python3.10/site-packages:/opt/ros/humble/local/lib/python3.10/dist-packages VIRTUAL_ENV_PROMPT=(.venv) /usr/bin/python3 -W ignore:setup.py install is deprecated -W ignore:easy_install command is deprecated setup.py egg_info --egg-base ../../build/proj_pkg build --build-base /home/snovyang/neuroaesthetics/build/proj_pkg/build install --record /home/snovyang/neuroaesthetics/build/proj_pkg/install.log --single-version-externally-managed install_data
