running egg_info
writing ../../build/proj_pkg/proj_pkg.egg-info/PKG-INFO
writing dependency_links to ../../build/proj_pkg/proj_pkg.egg-info/dependency_links.txt
writing entry points to ../../build/proj_pkg/proj_pkg.egg-info/entry_points.txt
writing requirements to ../../build/proj_pkg/proj_pkg.egg-info/requires.txt
writing top-level names to ../../build/proj_pkg/proj_pkg.egg-info/top_level.txt
reading manifest file '../../build/proj_pkg/proj_pkg.egg-info/SOURCES.txt'
writing manifest file '../../build/proj_pkg/proj_pkg.egg-info/SOURCES.txt'
running build
running build_py
copying proj_pkg/visualizer.py -> /home/snovyang/neuroaesthetics/build/proj_pkg/build/lib/proj_pkg
running install
running install_lib
copying /home/snovyang/neuroaesthetics/build/proj_pkg/build/lib/proj_pkg/visualizer.py -> /home/snovyang/neuroaesthetics/install/proj_pkg/lib/python3.10/site-packages/proj_pkg
byte-compiling /home/snovyang/neuroaesthetics/install/proj_pkg/lib/python3.10/site-packages/proj_pkg/visualizer.py to visualizer.cpython-310.pyc
running install_data
running install_egg_info
removing '/home/snovyang/neuroaesthetics/install/proj_pkg/lib/python3.10/site-packages/proj_pkg-0.0.0-py3.10.egg-info' (and everything under it)
Copying ../../build/proj_pkg/proj_pkg.egg-info to /home/snovyang/neuroaesthetics/install/proj_pkg/lib/python3.10/site-packages/proj_pkg-0.0.0-py3.10.egg-info
running install_scripts
Installing mocap_visualizer script to /home/snovyang/neuroaesthetics/install/proj_pkg/bin
writing list of installed files to '/home/snovyang/neuroaesthetics/build/proj_pkg/install.log'
